This file contains any messages produced by compilers while
running configure, to aid debugging if configure makes a mistake.

It was created by mydns configure 1.2.8.27, which was
generated by GNU Autoconf 2.61.  Invocation command line was

  $ configure 

## --------- ##
## Platform. ##
## --------- ##

hostname = cisne
uname -m = i686
uname -r = 2.6.31-rc3-git4
uname -s = Linux
uname -v = #1 SMP Sat Jul 18 18:57:27 WEST 2009

/usr/bin/uname -p = unknown
/bin/uname -X     = unknown

/bin/arch              = unknown
/usr/bin/arch -k       = unknown
/usr/convex/getsysinfo = unknown
/usr/bin/hostinfo      = unknown
/bin/machine           = unknown
/usr/bin/oslevel       = unknown
/bin/universe          = unknown

PATH: /usr/local/sbin
PATH: /usr/local/bin
PATH: /usr/sbin
PATH: /usr/bin
PATH: /sbin
PATH: /bin
PATH: /usr/bin/X11


## ----------- ##
## Core tests. ##
## ----------- ##

configure:2048: checking for a BSD-compatible install
configure:2104: result: /usr/bin/install -c
configure:2115: checking whether build environment is sane
configure:2158: result: yes
configure:2186: checking for a thread-safe mkdir -p
configure:2225: result: /bin/mkdir -p
configure:2238: checking for gawk
configure:2268: result: no
configure:2238: checking for mawk
configure:2254: found /usr/bin/mawk
configure:2265: result: mawk
configure:2276: checking whether make sets $(MAKE)
configure:2297: result: yes
configure:2493: checking for gawk
configure:2520: result: mawk
configure:2579: checking for gcc
configure:2595: found /usr/bin/gcc
configure:2606: result: gcc
configure:2844: checking for C compiler version
configure:2851: gcc --version >&5
gcc (Debian 4.4.2-3) 4.4.2
Copyright (C) 2009 Free Software Foundation, Inc.
This is free software; see the source for copying conditions.  There is NO
warranty; not even for MERCHANTABILITY or FITNESS FOR A PARTICULAR PURPOSE.

configure:2854: $? = 0
configure:2861: gcc -v >&5
Using built-in specs.
Target: i486-linux-gnu
Configured with: ../src/configure -v --with-pkgversion='Debian 4.4.2-3' --with-bugurl=file:///usr/share/doc/gcc-4.4/README.Bugs --enable-languages=c,c++,fortran,objc,obj-c++ --prefix=/usr --enable-shared --enable-multiarch --enable-linker-build-id --with-system-zlib --libexecdir=/usr/lib --without-included-gettext --enable-threads=posix --with-gxx-include-dir=/usr/include/c++/4.4 --program-suffix=-4.4 --enable-nls --enable-clocale=gnu --enable-libstdcxx-debug --enable-objc-gc --enable-targets=all --with-arch-32=i486 --with-tune=generic --enable-checking=release --build=i486-linux-gnu --host=i486-linux-gnu --target=i486-linux-gnu
Thread model: posix
gcc version 4.4.2 (Debian 4.4.2-3) 
configure:2864: $? = 0
configure:2871: gcc -V >&5
gcc: '-V' option must have argument
configure:2874: $? = 1
configure:2897: checking for C compiler default output file name
configure:2924: gcc    conftest.c  >&5
configure:2927: $? = 0
configure:2965: result: a.out
configure:2982: checking whether the C compiler works
configure:2992: ./a.out
configure:2995: $? = 0
configure:3012: result: yes
configure:3019: checking whether we are cross compiling
configure:3021: result: no
configure:3024: checking for suffix of executables
configure:3031: gcc -o conftest    conftest.c  >&5
configure:3034: $? = 0
configure:3058: result: 
configure:3064: checking for suffix of object files
configure:3090: gcc -c   conftest.c >&5
configure:3093: $? = 0
configure:3116: result: o
configure:3120: checking whether we are using the GNU C compiler
configure:3149: gcc -c   conftest.c >&5
configure:3155: $? = 0
configure:3172: result: yes
configure:3177: checking whether gcc accepts -g
configure:3207: gcc -c -g  conftest.c >&5
configure:3213: $? = 0
configure:3312: result: yes
configure:3329: checking for gcc option to accept ISO C89
configure:3403: gcc  -c -g -O2  conftest.c >&5
configure:3409: $? = 0
configure:3432: result: none needed
configure:3461: checking for style of include used by make
configure:3489: result: GNU
configure:3514: checking dependency style of gcc
configure:3605: result: gcc3
configure:3633: checking for a BSD-compatible install
configure:3689: result: /usr/bin/install -c
configure:3700: checking whether ln -s works
configure:3704: result: yes
configure:3783: checking build system type
configure:3801: result: i686-pc-linux-gnu
configure:3823: checking host system type
configure:3838: result: i686-pc-linux-gnu
configure:3882: checking for ld used by GCC
configure:3945: result: /usr/bin/ld
configure:3954: checking if the linker (/usr/bin/ld) is GNU ld
GNU ld (GNU Binutils for Debian) 2.20
configure:3966: result: yes
configure:3971: checking for /usr/bin/ld option to reload object files
configure:3978: result: -r
configure:3983: checking for BSD-compatible nm
configure:4019: result: /usr/bin/nm -B
configure:4022: checking how to recognise dependant libraries
configure:4200: result: pass_all
configure:4213: checking command to parse /usr/bin/nm -B output
configure:4294: gcc -c -g -O2  conftest.c >&5
configure:4297: $? = 0
configure:4301: /usr/bin/nm -B conftest.o \| sed -n -e 's/^.*[ 	]\([ABCDGISTW][ABCDGISTW]*\)[ 	][ 	]*\(\)\([_A-Za-z][_A-Za-z0-9]*\)$/\1 \2\3 \3/p' \> conftest.nm
configure:4304: $? = 0
configure:4356: gcc -o conftest -g -O2   conftest.c conftstm.o >&5
configure:4359: $? = 0
configure:4403: result: ok
configure:4412: checking how to run the C preprocessor
configure:4452: gcc -E  conftest.c
configure:4458: $? = 0
configure:4489: gcc -E  conftest.c
conftest.c:10:28: error: ac_nonexistent.h: No such file or directory
configure:4495: $? = 1
configure: failed program was:
| /* confdefs.h.  */
| #define PACKAGE_NAME "mydns"
| #define PACKAGE_TARNAME "mydns"
| #define PACKAGE_VERSION "1.2.8.27"
| #define PACKAGE_STRING "mydns 1.2.8.27"
| #define PACKAGE_BUGREPORT "support@cohtech.com"
| #define PACKAGE "mydns"
| #define VERSION "1.2.8.27"
| /* end confdefs.h.  */
| #include <ac_nonexistent.h>
configure:4528: result: gcc -E
configure:4557: gcc -E  conftest.c
configure:4563: $? = 0
configure:4594: gcc -E  conftest.c
conftest.c:10:28: error: ac_nonexistent.h: No such file or directory
configure:4600: $? = 1
configure: failed program was:
| /* confdefs.h.  */
| #define PACKAGE_NAME "mydns"
| #define PACKAGE_TARNAME "mydns"
| #define PACKAGE_VERSION "1.2.8.27"
| #define PACKAGE_STRING "mydns 1.2.8.27"
| #define PACKAGE_BUGREPORT "support@cohtech.com"
| #define PACKAGE "mydns"
| #define VERSION "1.2.8.27"
| /* end confdefs.h.  */
| #include <ac_nonexistent.h>
configure:4638: checking for grep that handles long lines and -e
configure:4712: result: /bin/grep
configure:4717: checking for egrep
configure:4795: result: /bin/grep -E
configure:4800: checking for ANSI C header files
configure:4830: gcc -c -g -O2  conftest.c >&5
configure:4836: $? = 0
configure:4935: gcc -o conftest -g -O2   conftest.c  >&5
configure:4938: $? = 0
configure:4944: ./conftest
configure:4947: $? = 0
configure:4964: result: yes
configure:4988: checking for sys/types.h
configure:5009: gcc -c -g -O2  conftest.c >&5
configure:5015: $? = 0
configure:5031: result: yes
configure:4988: checking for sys/stat.h
configure:5009: gcc -c -g -O2  conftest.c >&5
configure:5015: $? = 0
configure:5031: result: yes
configure:4988: checking for stdlib.h
configure:5009: gcc -c -g -O2  conftest.c >&5
configure:5015: $? = 0
configure:5031: result: yes
configure:4988: checking for string.h
configure:5009: gcc -c -g -O2  conftest.c >&5
configure:5015: $? = 0
configure:5031: result: yes
configure:4988: checking for memory.h
configure:5009: gcc -c -g -O2  conftest.c >&5
configure:5015: $? = 0
configure:5031: result: yes
configure:4988: checking for strings.h
configure:5009: gcc -c -g -O2  conftest.c >&5
configure:5015: $? = 0
configure:5031: result: yes
configure:4988: checking for inttypes.h
configure:5009: gcc -c -g -O2  conftest.c >&5
configure:5015: $? = 0
configure:5031: result: yes
configure:4988: checking for stdint.h
configure:5009: gcc -c -g -O2  conftest.c >&5
configure:5015: $? = 0
configure:5031: result: yes
configure:4988: checking for unistd.h
configure:5009: gcc -c -g -O2  conftest.c >&5
configure:5015: $? = 0
configure:5031: result: yes
configure:5058: checking dlfcn.h usability
configure:5075: gcc -c -g -O2  conftest.c >&5
configure:5081: $? = 0
configure:5095: result: yes
configure:5099: checking dlfcn.h presence
configure:5114: gcc -E  conftest.c
configure:5120: $? = 0
configure:5134: result: yes
configure:5167: checking for dlfcn.h
configure:5175: result: yes
configure:5374: checking for ranlib
configure:5390: found /usr/bin/ranlib
configure:5401: result: ranlib
configure:5470: checking for strip
configure:5486: found /usr/bin/strip
configure:5497: result: strip
configure:5729: checking for objdir
configure:5740: result: .libs
configure:5761: checking for gcc option to produce PIC
configure:5924: result: -fPIC
configure:5928: checking if gcc PIC flag -fPIC works
configure:5956: gcc -c -g -O2 -fPIC -DPIC  conftest.c >&5
configure:5962: $? = 0
configure:6004: result: yes
configure:6024: checking if gcc static flag -static works
configure:6053: gcc -o conftest -g -O2   -static conftest.c  >&5
configure:6059: $? = 0
configure:6082: result: yes
configure:6098: checking if gcc supports -c -o file.o
configure:6118: gcc -c -g -O2 -o out/conftest2.o  conftest.c >&5
configure:6142: result: yes
configure:6147: checking if gcc supports -c -o file.lo
configure:6179: gcc -c -g -O2 -c -o conftest.lo  conftest.c >&5
configure:6185: $? = 0
configure:6212: result: yes
configure:6251: checking if gcc supports -fno-rtti -fno-exceptions
configure:6278: gcc -c -g -O2 -fno-rtti -fno-exceptions -c conftest.c  conftest.c >&5
cc1: warning: command line option "-fno-rtti" is valid for C++/ObjC++ but not for C
cc1: warning: command line option "-fno-rtti" is valid for C++/ObjC++ but not for C
configure:6284: $? = 0
configure:6306: result: no
configure:6321: checking whether the linker (/usr/bin/ld) supports shared libraries
configure:7001: result: yes
configure:7010: checking how to hardcode library paths into programs
configure:7034: result: immediate
configure:7043: checking whether stripping libraries is possible
configure:7048: result: yes
configure:7063: checking dynamic linker characteristics
configure:7468: result: GNU/Linux ld.so
configure:7477: checking if libtool supports shared libraries
configure:7479: result: yes
configure:7486: checking whether to build shared libraries
configure:7507: result: yes
configure:7514: checking whether to build static libraries
configure:7518: result: yes
configure:8242: checking whether -lc should be explicitly linked in
configure:8250: gcc -c -g -O2  conftest.c >&5
configure:8253: $? = 0
configure:8267: gcc -shared conftest.o  -v -Wl,-soname -Wl,conftest -o conftest 2\>\&1 \| grep  -lc  \>/dev/null 2\>\&1
configure:8270: $? = 0
configure:8285: result: no
configure:8878: checking for msgfmt
configure:8909: result: no
configure:8915: checking for gmsgfmt
configure:8946: result: :
configure:8957: checking for xgettext
configure:8988: result: no
configure:8996: checking for msgmerge
configure:9026: result: no
configure:9101: checking for ranlib
configure:9128: result: ranlib
configure:9155: checking for strerror in -lcposix
configure:9190: gcc -o conftest -g -O2   conftest.c -lcposix   >&5
/usr/bin/ld: cannot find -lcposix
collect2: ld returned 1 exit status
configure:9196: $? = 1
configure: failed program was:
| /* confdefs.h.  */
| #define PACKAGE_NAME "mydns"
| #define PACKAGE_TARNAME "mydns"
| #define PACKAGE_VERSION "1.2.8.27"
| #define PACKAGE_STRING "mydns 1.2.8.27"
| #define PACKAGE_BUGREPORT "support@cohtech.com"
| #define PACKAGE "mydns"
| #define VERSION "1.2.8.27"
| #define STDC_HEADERS 1
| #define HAVE_SYS_TYPES_H 1
| #define HAVE_SYS_STAT_H 1
| #define HAVE_STDLIB_H 1
| #define HAVE_STRING_H 1
| #define HAVE_MEMORY_H 1
| #define HAVE_STRINGS_H 1
| #define HAVE_INTTYPES_H 1
| #define HAVE_STDINT_H 1
| #define HAVE_UNISTD_H 1
| #define HAVE_DLFCN_H 1
| /* end confdefs.h.  */
| 
| /* Override any GCC internal prototype to avoid an error.
|    Use char because int might match the return type of a GCC
|    builtin and then its argument prototype would still apply.  */
| #ifdef __cplusplus
| extern "C"
| #endif
| char strerror ();
| int
| main ()
| {
| return strerror ();
|   ;
|   return 0;
| }
configure:9214: result: no
configure:9222: checking for an ANSI C-conforming const
configure:9297: gcc -c -g -O2  conftest.c >&5
configure:9303: $? = 0
configure:9318: result: yes
configure:9328: checking for inline
configure:9354: gcc -c -g -O2  conftest.c >&5
configure:9360: $? = 0
configure:9378: result: inline
configure:9397: checking for off_t
configure:9427: gcc -c -g -O2  conftest.c >&5
configure:9433: $? = 0
configure:9448: result: yes
configure:9460: checking for size_t
configure:9490: gcc -c -g -O2  conftest.c >&5
configure:9496: $? = 0
configure:9511: result: yes
configure:9525: checking for working alloca.h
configure:9552: gcc -o conftest -g -O2   conftest.c  >&5
configure:9558: $? = 0
configure:9575: result: yes
configure:9585: checking for alloca
configure:9632: gcc -o conftest -g -O2   conftest.c  >&5
configure:9638: $? = 0
configure:9655: result: yes
configure:9888: checking for stdlib.h
configure:9894: result: yes
configure:9888: checking for unistd.h
configure:9894: result: yes
configure:10032: checking for getpagesize
configure:10088: gcc -o conftest -g -O2   conftest.c  >&5
configure:10094: $? = 0
configure:10112: result: yes
configure:10122: checking for working mmap
configure:10269: gcc -o conftest -g -O2   conftest.c  >&5
configure:10272: $? = 0
configure:10278: ./conftest
configure:10281: $? = 0
configure:10297: result: yes
configure:10309: checking whether we are using the GNU C Library 2.1 or newer
configure:10340: result: yes
configure:10348: checking whether integer division by zero raises SIGFPE
configure:10415: gcc -o conftest -g -O2   conftest.c  >&5
conftest.c:45: warning: built-in function 'nan' declared as non-function
configure:10418: $? = 0
configure:10424: ./conftest
configure:10427: $? = 0
configure:10444: result: yes
configure:10457: checking for inttypes.h
configure:10484: gcc -c -g -O2  conftest.c >&5
configure:10490: $? = 0
configure:10505: result: yes
configure:10516: checking for stdint.h
configure:10543: gcc -c -g -O2  conftest.c >&5
configure:10549: $? = 0
configure:10564: result: yes
configure:10575: checking for unsigned long long
configure:10602: gcc -o conftest -g -O2   conftest.c  >&5
configure:10608: $? = 0
configure:10625: result: yes
configure:10651: checking for inttypes.h
configure:10679: gcc -c -g -O2  conftest.c >&5
configure:10685: $? = 0
configure:10701: result: yes
configure:10714: checking whether the inttypes.h PRIxNN macros are broken
configure:10745: gcc -c -g -O2  conftest.c >&5
configure:10751: $? = 0
configure:10767: result: no
configure:10805: checking for ld used by GCC
configure:10868: result: /usr/bin/ld
configure:10877: checking if the linker (/usr/bin/ld) is GNU ld
GNU ld (GNU Binutils for Debian) 2.20
configure:10889: result: yes
configure:10895: checking for shared library run path origin
configure:10908: result: done
configure:11328: checking argz.h usability
configure:11345: gcc -c -g -O2  conftest.c >&5
configure:11351: $? = 0
configure:11365: result: yes
configure:11369: checking argz.h presence
configure:11384: gcc -E  conftest.c
configure:11390: $? = 0
configure:11404: result: yes
configure:11437: checking for argz.h
configure:11445: result: yes
configure:11328: checking limits.h usability
configure:11345: gcc -c -g -O2  conftest.c >&5
configure:11351: $? = 0
configure:11365: result: yes
configure:11369: checking limits.h presence
configure:11384: gcc -E  conftest.c
configure:11390: $? = 0
configure:11404: result: yes
configure:11437: checking for limits.h
configure:11445: result: yes
configure:11328: checking locale.h usability
configure:11345: gcc -c -g -O2  conftest.c >&5
configure:11351: $? = 0
configure:11365: result: yes
configure:11369: checking locale.h presence
configure:11384: gcc -E  conftest.c
configure:11390: $? = 0
configure:11404: result: yes
configure:11437: checking for locale.h
configure:11445: result: yes
configure:11328: checking nl_types.h usability
configure:11345: gcc -c -g -O2  conftest.c >&5
configure:11351: $? = 0
configure:11365: result: yes
configure:11369: checking nl_types.h presence
configure:11384: gcc -E  conftest.c
configure:11390: $? = 0
configure:11404: result: yes
configure:11437: checking for nl_types.h
configure:11445: result: yes
configure:11328: checking malloc.h usability
configure:11345: gcc -c -g -O2  conftest.c >&5
configure:11351: $? = 0
configure:11365: result: yes
configure:11369: checking malloc.h presence
configure:11384: gcc -E  conftest.c
configure:11390: $? = 0
configure:11404: result: yes
configure:11437: checking for malloc.h
configure:11445: result: yes
configure:11328: checking stddef.h usability
configure:11345: gcc -c -g -O2  conftest.c >&5
configure:11351: $? = 0
configure:11365: result: yes
configure:11369: checking stddef.h presence
configure:11384: gcc -E  conftest.c
configure:11390: $? = 0
configure:11404: result: yes
configure:11437: checking for stddef.h
configure:11445: result: yes
configure:11318: checking for stdlib.h
configure:11324: result: yes
configure:11318: checking for string.h
configure:11324: result: yes
configure:11318: checking for unistd.h
configure:11324: result: yes
configure:11328: checking sys/param.h usability
configure:11345: gcc -c -g -O2  conftest.c >&5
configure:11351: $? = 0
configure:11365: result: yes
configure:11369: checking sys/param.h presence
configure:11384: gcc -E  conftest.c
configure:11390: $? = 0
configure:11404: result: yes
configure:11437: checking for sys/param.h
configure:11445: result: yes
configure:11484: checking for feof_unlocked
configure:11540: gcc -o conftest -g -O2   conftest.c  >&5
configure:11546: $? = 0
configure:11564: result: yes
configure:11484: checking for fgets_unlocked
configure:11540: gcc -o conftest -g -O2   conftest.c  >&5
configure:11546: $? = 0
configure:11564: result: yes
configure:11484: checking for getc_unlocked
configure:11540: gcc -o conftest -g -O2   conftest.c  >&5
configure:11546: $? = 0
configure:11564: result: yes
configure:11484: checking for getcwd
configure:11540: gcc -o conftest -g -O2   conftest.c  >&5
configure:11546: $? = 0
configure:11564: result: yes
configure:11484: checking for getegid
configure:11540: gcc -o conftest -g -O2   conftest.c  >&5
configure:11546: $? = 0
configure:11564: result: yes
configure:11484: checking for geteuid
configure:11540: gcc -o conftest -g -O2   conftest.c  >&5
configure:11546: $? = 0
configure:11564: result: yes
configure:11484: checking for getgid
configure:11540: gcc -o conftest -g -O2   conftest.c  >&5
configure:11546: $? = 0
configure:11564: result: yes
configure:11484: checking for getuid
configure:11540: gcc -o conftest -g -O2   conftest.c  >&5
configure:11546: $? = 0
configure:11564: result: yes
configure:11484: checking for mempcpy
configure:11540: gcc -o conftest -g -O2   conftest.c  >&5
conftest.c:73: warning: conflicting types for built-in function 'mempcpy'
configure:11546: $? = 0
configure:11564: result: yes
configure:11484: checking for munmap
configure:11540: gcc -o conftest -g -O2   conftest.c  >&5
configure:11546: $? = 0
configure:11564: result: yes
configure:11484: checking for putenv
configure:11540: gcc -o conftest -g -O2   conftest.c  >&5
configure:11546: $? = 0
configure:11564: result: yes
configure:11484: checking for setenv
configure:11540: gcc -o conftest -g -O2   conftest.c  >&5
configure:11546: $? = 0
configure:11564: result: yes
configure:11484: checking for setlocale
configure:11540: gcc -o conftest -g -O2   conftest.c  >&5
configure:11546: $? = 0
configure:11564: result: yes
configure:11484: checking for stpcpy
configure:11540: gcc -o conftest -g -O2   conftest.c  >&5
conftest.c:78: warning: conflicting types for built-in function 'stpcpy'
configure:11546: $? = 0
configure:11564: result: yes
configure:11484: checking for strcasecmp
configure:11540: gcc -o conftest -g -O2   conftest.c  >&5
conftest.c:79: warning: conflicting types for built-in function 'strcasecmp'
configure:11546: $? = 0
configure:11564: result: yes
configure:11484: checking for strdup
configure:11540: gcc -o conftest -g -O2   conftest.c  >&5
conftest.c:80: warning: conflicting types for built-in function 'strdup'
configure:11546: $? = 0
configure:11564: result: yes
configure:11484: checking for strtoul
configure:11540: gcc -o conftest -g -O2   conftest.c  >&5
configure:11546: $? = 0
configure:11564: result: yes
configure:11484: checking for tsearch
configure:11540: gcc -o conftest -g -O2   conftest.c  >&5
configure:11546: $? = 0
configure:11564: result: yes
configure:11484: checking for __argz_count
configure:11540: gcc -o conftest -g -O2   conftest.c  >&5
configure:11546: $? = 0
configure:11564: result: yes
configure:11484: checking for __argz_stringify
configure:11540: gcc -o conftest -g -O2   conftest.c  >&5
configure:11546: $? = 0
configure:11564: result: yes
configure:11484: checking for __argz_next
configure:11540: gcc -o conftest -g -O2   conftest.c  >&5
configure:11546: $? = 0
configure:11564: result: yes
configure:11605: checking for iconv
configure:11637: gcc -o conftest -g -O2   conftest.c  >&5
configure:11643: $? = 0
configure:11713: result: yes
configure:11736: checking for iconv declaration
configure:11775: gcc -c -g -O2  conftest.c >&5
configure:11781: $? = 0
configure:11800: result: 
         extern size_t iconv (iconv_t cd, char * *inbuf, size_t *inbytesleft, char * *outbuf, size_t *outbytesleft);
configure:11811: checking for nl_langinfo and CODESET
configure:11837: gcc -o conftest -g -O2   conftest.c  >&5
configure:11843: $? = 0
configure:11861: result: yes
configure:11873: checking for LC_MESSAGES
configure:11899: gcc -o conftest -g -O2   conftest.c  >&5
configure:11905: $? = 0
configure:11922: result: yes
configure:11938: checking for bison
configure:11968: result: no
configure:12009: checking whether NLS is requested
configure:12018: result: yes
configure:12033: checking whether included gettext is requested
configure:12043: result: no
configure:12054: checking for GNU gettext in libc
configure:12083: gcc -o conftest -g -O2   conftest.c  >&5
configure:12089: $? = 0
configure:12106: result: yes
configure:12736: checking for ANSI C header files
configure:12900: result: yes
configure:12933: checking fcntl.h usability
configure:12950: gcc -c -g -O2  conftest.c >&5
configure:12956: $? = 0
configure:12970: result: yes
configure:12974: checking fcntl.h presence
configure:12989: gcc -E  conftest.c
configure:12995: $? = 0
configure:13009: result: yes
configure:13042: checking for fcntl.h
configure:13050: result: yes
configure:12933: checking getopt.h usability
configure:12950: gcc -c -g -O2  conftest.c >&5
configure:12956: $? = 0
configure:12970: result: yes
configure:12974: checking getopt.h presence
configure:12989: gcc -E  conftest.c
configure:12995: $? = 0
configure:13009: result: yes
configure:13042: checking for getopt.h
configure:13050: result: yes
configure:12933: checking libintl.h usability
configure:12950: gcc -c -g -O2  conftest.c >&5
configure:12956: $? = 0
configure:12970: result: yes
configure:12974: checking libintl.h presence
configure:12989: gcc -E  conftest.c
configure:12995: $? = 0
configure:13009: result: yes
configure:13042: checking for libintl.h
configure:13050: result: yes
configure:12933: checking netdb.h usability
configure:12950: gcc -c -g -O2  conftest.c >&5
configure:12956: $? = 0
configure:12970: result: yes
configure:12974: checking netdb.h presence
configure:12989: gcc -E  conftest.c
configure:12995: $? = 0
configure:13009: result: yes
configure:13042: checking for netdb.h
configure:13050: result: yes
configure:12933: checking pwd.h usability
configure:12950: gcc -c -g -O2  conftest.c >&5
configure:12956: $? = 0
configure:12970: result: yes
configure:12974: checking pwd.h presence
configure:12989: gcc -E  conftest.c
configure:12995: $? = 0
configure:13009: result: yes
configure:13042: checking for pwd.h
configure:13050: result: yes
configure:12933: checking signal.h usability
configure:12950: gcc -c -g -O2  conftest.c >&5
configure:12956: $? = 0
configure:12970: result: yes
configure:12974: checking signal.h presence
configure:12989: gcc -E  conftest.c
configure:12995: $? = 0
configure:13009: result: yes
configure:13042: checking for signal.h
configure:13050: result: yes
configure:12933: checking stdarg.h usability
configure:12950: gcc -c -g -O2  conftest.c >&5
configure:12956: $? = 0
configure:12970: result: yes
configure:12974: checking stdarg.h presence
configure:12989: gcc -E  conftest.c
configure:12995: $? = 0
configure:13009: result: yes
configure:13042: checking for stdarg.h
configure:13050: result: yes
configure:12933: checking termios.h usability
configure:12950: gcc -c -g -O2  conftest.c >&5
configure:12956: $? = 0
configure:12970: result: yes
configure:12974: checking termios.h presence
configure:12989: gcc -E  conftest.c
configure:12995: $? = 0
configure:13009: result: yes
configure:13042: checking for termios.h
configure:13050: result: yes
configure:12933: checking time.h usability
configure:12950: gcc -c -g -O2  conftest.c >&5
configure:12956: $? = 0
configure:12970: result: yes
configure:12974: checking time.h presence
configure:12989: gcc -E  conftest.c
configure:12995: $? = 0
configure:13009: result: yes
configure:13042: checking for time.h
configure:13050: result: yes
configure:13081: checking sys/fcntl.h usability
configure:13098: gcc -c -g -O2  conftest.c >&5
configure:13104: $? = 0
configure:13118: result: yes
configure:13122: checking sys/fcntl.h presence
configure:13137: gcc -E  conftest.c
configure:13143: $? = 0
configure:13157: result: yes
configure:13190: checking for sys/fcntl.h
configure:13198: result: yes
configure:13081: checking sys/file.h usability
configure:13098: gcc -c -g -O2  conftest.c >&5
configure:13104: $? = 0
configure:13118: result: yes
configure:13122: checking sys/file.h presence
configure:13137: gcc -E  conftest.c
configure:13143: $? = 0
configure:13157: result: yes
configure:13190: checking for sys/file.h
configure:13198: result: yes
configure:13081: checking sys/ioctl.h usability
configure:13098: gcc -c -g -O2  conftest.c >&5
configure:13104: $? = 0
configure:13118: result: yes
configure:13122: checking sys/ioctl.h presence
configure:13137: gcc -E  conftest.c
configure:13143: $? = 0
configure:13157: result: yes
configure:13190: checking for sys/ioctl.h
configure:13198: result: yes
configure:13081: checking sys/resource.h usability
configure:13098: gcc -c -g -O2  conftest.c >&5
configure:13104: $? = 0
configure:13118: result: yes
configure:13122: checking sys/resource.h presence
configure:13137: gcc -E  conftest.c
configure:13143: $? = 0
configure:13157: result: yes
configure:13190: checking for sys/resource.h
configure:13198: result: yes
configure:13229: checking sys/socket.h usability
configure:13246: gcc -c -g -O2  conftest.c >&5
configure:13252: $? = 0
configure:13266: result: yes
configure:13270: checking sys/socket.h presence
configure:13285: gcc -E  conftest.c
configure:13291: $? = 0
configure:13305: result: yes
configure:13338: checking for sys/socket.h
configure:13346: result: yes
configure:13229: checking sys/sockio.h usability
configure:13246: gcc -c -g -O2  conftest.c >&5
conftest.c:118:24: error: sys/sockio.h: No such file or directory
configure:13252: $? = 1
configure: failed program was:
| /* confdefs.h.  */
| #define PACKAGE_NAME "mydns"
| #define PACKAGE_TARNAME "mydns"
| #define PACKAGE_VERSION "1.2.8.27"
| #define PACKAGE_STRING "mydns 1.2.8.27"
| #define PACKAGE_BUGREPORT "support@cohtech.com"
| #define PACKAGE "mydns"
| #define VERSION "1.2.8.27"
| #define STDC_HEADERS 1
| #define HAVE_SYS_TYPES_H 1
| #define HAVE_SYS_STAT_H 1
| #define HAVE_STDLIB_H 1
| #define HAVE_STRING_H 1
| #define HAVE_MEMORY_H 1
| #define HAVE_STRINGS_H 1
| #define HAVE_INTTYPES_H 1
| #define HAVE_STDINT_H 1
| #define HAVE_UNISTD_H 1
| #define HAVE_DLFCN_H 1
| #define HAVE_ALLOCA_H 1
| #define HAVE_ALLOCA 1
| #define HAVE_STDLIB_H 1
| #define HAVE_UNISTD_H 1
| #define HAVE_GETPAGESIZE 1
| #define HAVE_MMAP 1
| #define INTDIV0_RAISES_SIGFPE 1
| #define HAVE_INTTYPES_H_WITH_UINTMAX 1
| #define HAVE_STDINT_H_WITH_UINTMAX 1
| #define HAVE_UNSIGNED_LONG_LONG 1
| #define HAVE_INTTYPES_H 1
| #define HAVE_ARGZ_H 1
| #define HAVE_LIMITS_H 1
| #define HAVE_LOCALE_H 1
| #define HAVE_NL_TYPES_H 1
| #define HAVE_MALLOC_H 1
| #define HAVE_STDDEF_H 1
| #define HAVE_STDLIB_H 1
| #define HAVE_STRING_H 1
| #define HAVE_UNISTD_H 1
| #define HAVE_SYS_PARAM_H 1
| #define HAVE_FEOF_UNLOCKED 1
| #define HAVE_FGETS_UNLOCKED 1
| #define HAVE_GETC_UNLOCKED 1
| #define HAVE_GETCWD 1
| #define HAVE_GETEGID 1
| #define HAVE_GETEUID 1
| #define HAVE_GETGID 1
| #define HAVE_GETUID 1
| #define HAVE_MEMPCPY 1
| #define HAVE_MUNMAP 1
| #define HAVE_PUTENV 1
| #define HAVE_SETENV 1
| #define HAVE_SETLOCALE 1
| #define HAVE_STPCPY 1
| #define HAVE_STRCASECMP 1
| #define HAVE_STRDUP 1
| #define HAVE_STRTOUL 1
| #define HAVE_TSEARCH 1
| #define HAVE___ARGZ_COUNT 1
| #define HAVE___ARGZ_STRINGIFY 1
| #define HAVE___ARGZ_NEXT 1
| #define HAVE_ICONV 1
| #define ICONV_CONST 
| #define HAVE_LANGINFO_CODESET 1
| #define HAVE_LC_MESSAGES 1
| #define ENABLE_NLS 1
| #define HAVE_GETTEXT 1
| #define HAVE_DCGETTEXT 1
| #define STDC_HEADERS 1
| #define HAVE_FCNTL_H 1
| #define HAVE_GETOPT_H 1
| #define HAVE_LIBINTL_H 1
| #define HAVE_NETDB_H 1
| #define HAVE_PWD_H 1
| #define HAVE_SIGNAL_H 1
| #define HAVE_STDARG_H 1
| #define HAVE_TERMIOS_H 1
| #define HAVE_TIME_H 1
| #define HAVE_SYS_FCNTL_H 1
| #define HAVE_SYS_FILE_H 1
| #define HAVE_SYS_IOCTL_H 1
| #define HAVE_SYS_RESOURCE_H 1
| #define HAVE_SYS_SOCKET_H 1
| /* end confdefs.h.  */
| #include <stdio.h>
| #ifdef HAVE_SYS_TYPES_H
| # include <sys/types.h>
| #endif
| #ifdef HAVE_SYS_STAT_H
| # include <sys/stat.h>
| #endif
| #ifdef STDC_HEADERS
| # include <stdlib.h>
| # include <stddef.h>
| #else
| # ifdef HAVE_STDLIB_H
| #  include <stdlib.h>
| # endif
| #endif
| #ifdef HAVE_STRING_H
| # if !defined STDC_HEADERS && defined HAVE_MEMORY_H
| #  include <memory.h>
| # endif
| # include <string.h>
| #endif
| #ifdef HAVE_STRINGS_H
| # include <strings.h>
| #endif
| #ifdef HAVE_INTTYPES_H
| # include <inttypes.h>
| #endif
| #ifdef HAVE_STDINT_H
| # include <stdint.h>
| #endif
| #ifdef HAVE_UNISTD_H
| # include <unistd.h>
| #endif
| #include <sys/sockio.h>
configure:13266: result: no
configure:13270: checking sys/sockio.h presence
configure:13285: gcc -E  conftest.c
conftest.c:85:24: error: sys/sockio.h: No such file or directory
configure:13291: $? = 1
configure: failed program was:
| /* confdefs.h.  */
| #define PACKAGE_NAME "mydns"
| #define PACKAGE_TARNAME "mydns"
| #define PACKAGE_VERSION "1.2.8.27"
| #define PACKAGE_STRING "mydns 1.2.8.27"
| #define PACKAGE_BUGREPORT "support@cohtech.com"
| #define PACKAGE "mydns"
| #define VERSION "1.2.8.27"
| #define STDC_HEADERS 1
| #define HAVE_SYS_TYPES_H 1
| #define HAVE_SYS_STAT_H 1
| #define HAVE_STDLIB_H 1
| #define HAVE_STRING_H 1
| #define HAVE_MEMORY_H 1
| #define HAVE_STRINGS_H 1
| #define HAVE_INTTYPES_H 1
| #define HAVE_STDINT_H 1
| #define HAVE_UNISTD_H 1
| #define HAVE_DLFCN_H 1
| #define HAVE_ALLOCA_H 1
| #define HAVE_ALLOCA 1
| #define HAVE_STDLIB_H 1
| #define HAVE_UNISTD_H 1
| #define HAVE_GETPAGESIZE 1
| #define HAVE_MMAP 1
| #define INTDIV0_RAISES_SIGFPE 1
| #define HAVE_INTTYPES_H_WITH_UINTMAX 1
| #define HAVE_STDINT_H_WITH_UINTMAX 1
| #define HAVE_UNSIGNED_LONG_LONG 1
| #define HAVE_INTTYPES_H 1
| #define HAVE_ARGZ_H 1
| #define HAVE_LIMITS_H 1
| #define HAVE_LOCALE_H 1
| #define HAVE_NL_TYPES_H 1
| #define HAVE_MALLOC_H 1
| #define HAVE_STDDEF_H 1
| #define HAVE_STDLIB_H 1
| #define HAVE_STRING_H 1
| #define HAVE_UNISTD_H 1
| #define HAVE_SYS_PARAM_H 1
| #define HAVE_FEOF_UNLOCKED 1
| #define HAVE_FGETS_UNLOCKED 1
| #define HAVE_GETC_UNLOCKED 1
| #define HAVE_GETCWD 1
| #define HAVE_GETEGID 1
| #define HAVE_GETEUID 1
| #define HAVE_GETGID 1
| #define HAVE_GETUID 1
| #define HAVE_MEMPCPY 1
| #define HAVE_MUNMAP 1
| #define HAVE_PUTENV 1
| #define HAVE_SETENV 1
| #define HAVE_SETLOCALE 1
| #define HAVE_STPCPY 1
| #define HAVE_STRCASECMP 1
| #define HAVE_STRDUP 1
| #define HAVE_STRTOUL 1
| #define HAVE_TSEARCH 1
| #define HAVE___ARGZ_COUNT 1
| #define HAVE___ARGZ_STRINGIFY 1
| #define HAVE___ARGZ_NEXT 1
| #define HAVE_ICONV 1
| #define ICONV_CONST 
| #define HAVE_LANGINFO_CODESET 1
| #define HAVE_LC_MESSAGES 1
| #define ENABLE_NLS 1
| #define HAVE_GETTEXT 1
| #define HAVE_DCGETTEXT 1
| #define STDC_HEADERS 1
| #define HAVE_FCNTL_H 1
| #define HAVE_GETOPT_H 1
| #define HAVE_LIBINTL_H 1
| #define HAVE_NETDB_H 1
| #define HAVE_PWD_H 1
| #define HAVE_SIGNAL_H 1
| #define HAVE_STDARG_H 1
| #define HAVE_TERMIOS_H 1
| #define HAVE_TIME_H 1
| #define HAVE_SYS_FCNTL_H 1
| #define HAVE_SYS_FILE_H 1
| #define HAVE_SYS_IOCTL_H 1
| #define HAVE_SYS_RESOURCE_H 1
| #define HAVE_SYS_SOCKET_H 1
| /* end confdefs.h.  */
| #include <sys/sockio.h>
configure:13305: result: no
configure:13338: checking for sys/sockio.h
configure:13346: result: no
configure:13229: checking sys/time.h usability
configure:13246: gcc -c -g -O2  conftest.c >&5
configure:13252: $? = 0
configure:13266: result: yes
configure:13270: checking sys/time.h presence
configure:13285: gcc -E  conftest.c
configure:13291: $? = 0
configure:13305: result: yes
configure:13338: checking for sys/time.h
configure:13346: result: yes
configure:13229: checking sys/wait.h usability
configure:13246: gcc -c -g -O2  conftest.c >&5
configure:13252: $? = 0
configure:13266: result: yes
configure:13270: checking sys/wait.h presence
configure:13285: gcc -E  conftest.c
configure:13291: $? = 0
configure:13305: result: yes
configure:13338: checking for sys/wait.h
configure:13346: result: yes
configure:13374: checking sys/select.h usability
configure:13391: gcc -c -g -O2  conftest.c >&5
configure:13397: $? = 0
configure:13411: result: yes
configure:13415: checking sys/select.h presence
configure:13430: gcc -E  conftest.c
configure:13436: $? = 0
configure:13450: result: yes
configure:13483: checking for sys/select.h
configure:13491: result: yes
configure:13519: checking netinet/in.h usability
configure:13536: gcc -c -g -O2  conftest.c >&5
configure:13542: $? = 0
configure:13556: result: yes
configure:13560: checking netinet/in.h presence
configure:13575: gcc -E  conftest.c
configure:13581: $? = 0
configure:13595: result: yes
configure:13628: checking for netinet/in.h
configure:13636: result: yes
configure:13664: checking net/if.h usability
configure:13681: gcc -c -g -O2  conftest.c >&5
configure:13687: $? = 0
configure:13701: result: yes
configure:13705: checking net/if.h presence
configure:13720: gcc -E  conftest.c
configure:13726: $? = 0
configure:13740: result: yes
configure:13773: checking for net/if.h
configure:13781: result: yes
configure:13809: checking arpa/inet.h usability
configure:13826: gcc -c -g -O2  conftest.c >&5
configure:13832: $? = 0
configure:13846: result: yes
configure:13850: checking arpa/inet.h presence
configure:13865: gcc -E  conftest.c
configure:13871: $? = 0
configure:13885: result: yes
configure:13918: checking for arpa/inet.h
configure:13926: result: yes
configure:13944: checking for inttypes.h
configure:13950: result: yes
configure:14089: checking for string.h
configure:14095: result: yes
configure:14244: checking poll.h usability
configure:14261: gcc -c -g -O2  conftest.c >&5
configure:14267: $? = 0
configure:14281: result: yes
configure:14285: checking poll.h presence
configure:14300: gcc -E  conftest.c
configure:14306: $? = 0
configure:14320: result: yes
configure:14353: checking for poll.h
configure:14361: result: yes
configure:14376: checking for an ANSI C-conforming const
configure:14472: result: yes
configure:14482: checking for inline
configure:14532: result: inline
configure:14551: checking for uchar
configure:14581: gcc -c -g -O2  conftest.c >&5
conftest.c:127: error: expected '=', ',', ';', 'asm' or '__attribute__' before 'ac__type_new_'
conftest.c: In function 'main':
conftest.c:131: error: 'ac__type_new_' undeclared (first use in this function)
conftest.c:131: error: (Each undeclared identifier is reported only once
conftest.c:131: error: for each function it appears in.)
conftest.c:131: error: expected expression before ')' token
configure:14587: $? = 1
configure: failed program was:
| /* confdefs.h.  */
| #define PACKAGE_NAME "mydns"
| #define PACKAGE_TARNAME "mydns"
| #define PACKAGE_VERSION "1.2.8.27"
| #define PACKAGE_STRING "mydns 1.2.8.27"
| #define PACKAGE_BUGREPORT "support@cohtech.com"
| #define PACKAGE "mydns"
| #define VERSION "1.2.8.27"
| #define STDC_HEADERS 1
| #define HAVE_SYS_TYPES_H 1
| #define HAVE_SYS_STAT_H 1
| #define HAVE_STDLIB_H 1
| #define HAVE_STRING_H 1
| #define HAVE_MEMORY_H 1
| #define HAVE_STRINGS_H 1
| #define HAVE_INTTYPES_H 1
| #define HAVE_STDINT_H 1
| #define HAVE_UNISTD_H 1
| #define HAVE_DLFCN_H 1
| #define HAVE_ALLOCA_H 1
| #define HAVE_ALLOCA 1
| #define HAVE_STDLIB_H 1
| #define HAVE_UNISTD_H 1
| #define HAVE_GETPAGESIZE 1
| #define HAVE_MMAP 1
| #define INTDIV0_RAISES_SIGFPE 1
| #define HAVE_INTTYPES_H_WITH_UINTMAX 1
| #define HAVE_STDINT_H_WITH_UINTMAX 1
| #define HAVE_UNSIGNED_LONG_LONG 1
| #define HAVE_INTTYPES_H 1
| #define HAVE_ARGZ_H 1
| #define HAVE_LIMITS_H 1
| #define HAVE_LOCALE_H 1
| #define HAVE_NL_TYPES_H 1
| #define HAVE_MALLOC_H 1
| #define HAVE_STDDEF_H 1
| #define HAVE_STDLIB_H 1
| #define HAVE_STRING_H 1
| #define HAVE_UNISTD_H 1
| #define HAVE_SYS_PARAM_H 1
| #define HAVE_FEOF_UNLOCKED 1
| #define HAVE_FGETS_UNLOCKED 1
| #define HAVE_GETC_UNLOCKED 1
| #define HAVE_GETCWD 1
| #define HAVE_GETEGID 1
| #define HAVE_GETEUID 1
| #define HAVE_GETGID 1
| #define HAVE_GETUID 1
| #define HAVE_MEMPCPY 1
| #define HAVE_MUNMAP 1
| #define HAVE_PUTENV 1
| #define HAVE_SETENV 1
| #define HAVE_SETLOCALE 1
| #define HAVE_STPCPY 1
| #define HAVE_STRCASECMP 1
| #define HAVE_STRDUP 1
| #define HAVE_STRTOUL 1
| #define HAVE_TSEARCH 1
| #define HAVE___ARGZ_COUNT 1
| #define HAVE___ARGZ_STRINGIFY 1
| #define HAVE___ARGZ_NEXT 1
| #define HAVE_ICONV 1
| #define ICONV_CONST 
| #define HAVE_LANGINFO_CODESET 1
| #define HAVE_LC_MESSAGES 1
| #define ENABLE_NLS 1
| #define HAVE_GETTEXT 1
| #define HAVE_DCGETTEXT 1
| #define STDC_HEADERS 1
| #define HAVE_FCNTL_H 1
| #define HAVE_GETOPT_H 1
| #define HAVE_LIBINTL_H 1
| #define HAVE_NETDB_H 1
| #define HAVE_PWD_H 1
| #define HAVE_SIGNAL_H 1
| #define HAVE_STDARG_H 1
| #define HAVE_TERMIOS_H 1
| #define HAVE_TIME_H 1
| #define HAVE_SYS_FCNTL_H 1
| #define HAVE_SYS_FILE_H 1
| #define HAVE_SYS_IOCTL_H 1
| #define HAVE_SYS_RESOURCE_H 1
| #define HAVE_SYS_SOCKET_H 1
| #define HAVE_SYS_TIME_H 1
| #define HAVE_SYS_WAIT_H 1
| #define HAVE_SYS_SELECT_H 1
| #define HAVE_NETINET_IN_H 1
| #define HAVE_NET_IF_H 1
| #define HAVE_ARPA_INET_H 1
| #define HAVE_INTTYPES_H 1
| #define HAVE_STRING_H 1
| #define HAVE_POLL_H 1
| /* end confdefs.h.  */
| #include <stdio.h>
| #ifdef HAVE_SYS_TYPES_H
| # include <sys/types.h>
| #endif
| #ifdef HAVE_SYS_STAT_H
| # include <sys/stat.h>
| #endif
| #ifdef STDC_HEADERS
| # include <stdlib.h>
| # include <stddef.h>
| #else
| # ifdef HAVE_STDLIB_H
| #  include <stdlib.h>
| # endif
| #endif
| #ifdef HAVE_STRING_H
| # if !defined STDC_HEADERS && defined HAVE_MEMORY_H
| #  include <memory.h>
| # endif
| # include <string.h>
| #endif
| #ifdef HAVE_STRINGS_H
| # include <strings.h>
| #endif
| #ifdef HAVE_INTTYPES_H
| # include <inttypes.h>
| #endif
| #ifdef HAVE_STDINT_H
| # include <stdint.h>
| #endif
| #ifdef HAVE_UNISTD_H
| # include <unistd.h>
| #endif
| typedef uchar ac__type_new_;
| int
| main ()
| {
| if ((ac__type_new_ *) 0)
|   return 0;
| if (sizeof (ac__type_new_))
|   return 0;
|   ;
|   return 0;
| }
configure:14602: result: no
configure:14612: checking for uint
configure:14642: gcc -c -g -O2  conftest.c >&5
configure:14648: $? = 0
configure:14663: result: yes
configure:14673: checking for uint8_t
configure:14703: gcc -c -g -O2  conftest.c >&5
configure:14709: $? = 0
configure:14724: result: yes
configure:14734: checking for uint16_t
configure:14764: gcc -c -g -O2  conftest.c >&5
configure:14770: $? = 0
configure:14785: result: yes
configure:14795: checking for uint32_t
configure:14825: gcc -c -g -O2  conftest.c >&5
configure:14831: $? = 0
configure:14846: result: yes
configure:14864: checking for stdlib.h
configure:14870: result: yes
configure:15004: checking for GNU libc compatible malloc
configure:15038: gcc -o conftest -g -O2   conftest.c  >&5
configure:15041: $? = 0
configure:15047: ./conftest
configure:15050: $? = 0
configure:15066: result: yes
configure:15094: checking return type of signal handlers
configure:15122: gcc -c -g -O2  conftest.c >&5
conftest.c: In function 'main':
conftest.c:106: error: void value not ignored as it ought to be
configure:15128: $? = 1
configure: failed program was:
| /* confdefs.h.  */
| #define PACKAGE_NAME "mydns"
| #define PACKAGE_TARNAME "mydns"
| #define PACKAGE_VERSION "1.2.8.27"
| #define PACKAGE_STRING "mydns 1.2.8.27"
| #define PACKAGE_BUGREPORT "support@cohtech.com"
| #define PACKAGE "mydns"
| #define VERSION "1.2.8.27"
| #define STDC_HEADERS 1
| #define HAVE_SYS_TYPES_H 1
| #define HAVE_SYS_STAT_H 1
| #define HAVE_STDLIB_H 1
| #define HAVE_STRING_H 1
| #define HAVE_MEMORY_H 1
| #define HAVE_STRINGS_H 1
| #define HAVE_INTTYPES_H 1
| #define HAVE_STDINT_H 1
| #define HAVE_UNISTD_H 1
| #define HAVE_DLFCN_H 1
| #define HAVE_ALLOCA_H 1
| #define HAVE_ALLOCA 1
| #define HAVE_STDLIB_H 1
| #define HAVE_UNISTD_H 1
| #define HAVE_GETPAGESIZE 1
| #define HAVE_MMAP 1
| #define INTDIV0_RAISES_SIGFPE 1
| #define HAVE_INTTYPES_H_WITH_UINTMAX 1
| #define HAVE_STDINT_H_WITH_UINTMAX 1
| #define HAVE_UNSIGNED_LONG_LONG 1
| #define HAVE_INTTYPES_H 1
| #define HAVE_ARGZ_H 1
| #define HAVE_LIMITS_H 1
| #define HAVE_LOCALE_H 1
| #define HAVE_NL_TYPES_H 1
| #define HAVE_MALLOC_H 1
| #define HAVE_STDDEF_H 1
| #define HAVE_STDLIB_H 1
| #define HAVE_STRING_H 1
| #define HAVE_UNISTD_H 1
| #define HAVE_SYS_PARAM_H 1
| #define HAVE_FEOF_UNLOCKED 1
| #define HAVE_FGETS_UNLOCKED 1
| #define HAVE_GETC_UNLOCKED 1
| #define HAVE_GETCWD 1
| #define HAVE_GETEGID 1
| #define HAVE_GETEUID 1
| #define HAVE_GETGID 1
| #define HAVE_GETUID 1
| #define HAVE_MEMPCPY 1
| #define HAVE_MUNMAP 1
| #define HAVE_PUTENV 1
| #define HAVE_SETENV 1
| #define HAVE_SETLOCALE 1
| #define HAVE_STPCPY 1
| #define HAVE_STRCASECMP 1
| #define HAVE_STRDUP 1
| #define HAVE_STRTOUL 1
| #define HAVE_TSEARCH 1
| #define HAVE___ARGZ_COUNT 1
| #define HAVE___ARGZ_STRINGIFY 1
| #define HAVE___ARGZ_NEXT 1
| #define HAVE_ICONV 1
| #define ICONV_CONST 
| #define HAVE_LANGINFO_CODESET 1
| #define HAVE_LC_MESSAGES 1
| #define ENABLE_NLS 1
| #define HAVE_GETTEXT 1
| #define HAVE_DCGETTEXT 1
| #define STDC_HEADERS 1
| #define HAVE_FCNTL_H 1
| #define HAVE_GETOPT_H 1
| #define HAVE_LIBINTL_H 1
| #define HAVE_NETDB_H 1
| #define HAVE_PWD_H 1
| #define HAVE_SIGNAL_H 1
| #define HAVE_STDARG_H 1
| #define HAVE_TERMIOS_H 1
| #define HAVE_TIME_H 1
| #define HAVE_SYS_FCNTL_H 1
| #define HAVE_SYS_FILE_H 1
| #define HAVE_SYS_IOCTL_H 1
| #define HAVE_SYS_RESOURCE_H 1
| #define HAVE_SYS_SOCKET_H 1
| #define HAVE_SYS_TIME_H 1
| #define HAVE_SYS_WAIT_H 1
| #define HAVE_SYS_SELECT_H 1
| #define HAVE_NETINET_IN_H 1
| #define HAVE_NET_IF_H 1
| #define HAVE_ARPA_INET_H 1
| #define HAVE_INTTYPES_H 1
| #define HAVE_STRING_H 1
| #define HAVE_POLL_H 1
| #define HAVE_UINT 1
| #define HAVE_UINT8_T 1
| #define HAVE_UINT16_T 1
| #define HAVE_UINT32_T 1
| #define HAVE_STDLIB_H 1
| #define HAVE_MALLOC 1
| /* end confdefs.h.  */
| #include <sys/types.h>
| #include <signal.h>
| 
| int
| main ()
| {
| return *(signal (0, 0)) (0) == 1;
|   ;
|   return 0;
| }
configure:15143: result: void
configure:15153: checking for working alloca.h
configure:15203: result: yes
configure:15213: checking for alloca
configure:15283: result: yes
configure:15515: checking for stdlib.h
configure:15521: result: yes
configure:15655: checking for GNU libc compatible realloc
configure:15689: gcc -o conftest -g -O2   conftest.c  >&5
configure:15692: $? = 0
configure:15698: ./conftest
configure:15701: $? = 0
configure:15717: result: yes
configure:15757: checking for memset
configure:15813: gcc -o conftest -g -O2   conftest.c  >&5
conftest.c:128: warning: conflicting types for built-in function 'memset'
configure:15819: $? = 0
configure:15837: result: yes
configure:15757: checking for getpwuid
configure:15813: gcc -o conftest -g -O2   conftest.c  >&5
configure:15819: $? = 0
configure:15837: result: yes
configure:15757: checking for shutdown
configure:15813: gcc -o conftest -g -O2   conftest.c  >&5
configure:15819: $? = 0
configure:15837: result: yes
configure:15757: checking for inet_ntop
configure:15813: gcc -o conftest -g -O2   conftest.c  >&5
configure:15819: $? = 0
configure:15837: result: yes
configure:15757: checking for inet_pton
configure:15813: gcc -o conftest -g -O2   conftest.c  >&5
configure:15819: $? = 0
configure:15837: result: yes
configure:15757: checking for strsep
configure:15813: gcc -o conftest -g -O2   conftest.c  >&5
configure:15819: $? = 0
configure:15837: result: yes
configure:15757: checking for strndup
configure:15813: gcc -o conftest -g -O2   conftest.c  >&5
conftest.c:134: warning: conflicting types for built-in function 'strndup'
configure:15819: $? = 0
configure:15837: result: yes
configure:15757: checking for strdup,
configure:15813: gcc -o conftest -g -O2   conftest.c  >&5
conftest.c:114:15: warning: missing whitespace after the macro name
conftest.c:127:14: warning: extra tokens at end of #undef directive
conftest.c:135: warning: built-in function 'strdup' declared as non-function
conftest.c:135: error: expected identifier or '(' before ')' token
conftest.c:139:28: error: operator ',' has no right operand
conftest.c: In function 'main':
conftest.c:146: error: expected expression before ')' token
configure:15819: $? = 1
configure: failed program was:
| /* confdefs.h.  */
| #define PACKAGE_NAME "mydns"
| #define PACKAGE_TARNAME "mydns"
| #define PACKAGE_VERSION "1.2.8.27"
| #define PACKAGE_STRING "mydns 1.2.8.27"
| #define PACKAGE_BUGREPORT "support@cohtech.com"
| #define PACKAGE "mydns"
| #define VERSION "1.2.8.27"
| #define STDC_HEADERS 1
| #define HAVE_SYS_TYPES_H 1
| #define HAVE_SYS_STAT_H 1
| #define HAVE_STDLIB_H 1
| #define HAVE_STRING_H 1
| #define HAVE_MEMORY_H 1
| #define HAVE_STRINGS_H 1
| #define HAVE_INTTYPES_H 1
| #define HAVE_STDINT_H 1
| #define HAVE_UNISTD_H 1
| #define HAVE_DLFCN_H 1
| #define HAVE_ALLOCA_H 1
| #define HAVE_ALLOCA 1
| #define HAVE_STDLIB_H 1
| #define HAVE_UNISTD_H 1
| #define HAVE_GETPAGESIZE 1
| #define HAVE_MMAP 1
| #define INTDIV0_RAISES_SIGFPE 1
| #define HAVE_INTTYPES_H_WITH_UINTMAX 1
| #define HAVE_STDINT_H_WITH_UINTMAX 1
| #define HAVE_UNSIGNED_LONG_LONG 1
| #define HAVE_INTTYPES_H 1
| #define HAVE_ARGZ_H 1
| #define HAVE_LIMITS_H 1
| #define HAVE_LOCALE_H 1
| #define HAVE_NL_TYPES_H 1
| #define HAVE_MALLOC_H 1
| #define HAVE_STDDEF_H 1
| #define HAVE_STDLIB_H 1
| #define HAVE_STRING_H 1
| #define HAVE_UNISTD_H 1
| #define HAVE_SYS_PARAM_H 1
| #define HAVE_FEOF_UNLOCKED 1
| #define HAVE_FGETS_UNLOCKED 1
| #define HAVE_GETC_UNLOCKED 1
| #define HAVE_GETCWD 1
| #define HAVE_GETEGID 1
| #define HAVE_GETEUID 1
| #define HAVE_GETGID 1
| #define HAVE_GETUID 1
| #define HAVE_MEMPCPY 1
| #define HAVE_MUNMAP 1
| #define HAVE_PUTENV 1
| #define HAVE_SETENV 1
| #define HAVE_SETLOCALE 1
| #define HAVE_STPCPY 1
| #define HAVE_STRCASECMP 1
| #define HAVE_STRDUP 1
| #define HAVE_STRTOUL 1
| #define HAVE_TSEARCH 1
| #define HAVE___ARGZ_COUNT 1
| #define HAVE___ARGZ_STRINGIFY 1
| #define HAVE___ARGZ_NEXT 1
| #define HAVE_ICONV 1
| #define ICONV_CONST 
| #define HAVE_LANGINFO_CODESET 1
| #define HAVE_LC_MESSAGES 1
| #define ENABLE_NLS 1
| #define HAVE_GETTEXT 1
| #define HAVE_DCGETTEXT 1
| #define STDC_HEADERS 1
| #define HAVE_FCNTL_H 1
| #define HAVE_GETOPT_H 1
| #define HAVE_LIBINTL_H 1
| #define HAVE_NETDB_H 1
| #define HAVE_PWD_H 1
| #define HAVE_SIGNAL_H 1
| #define HAVE_STDARG_H 1
| #define HAVE_TERMIOS_H 1
| #define HAVE_TIME_H 1
| #define HAVE_SYS_FCNTL_H 1
| #define HAVE_SYS_FILE_H 1
| #define HAVE_SYS_IOCTL_H 1
| #define HAVE_SYS_RESOURCE_H 1
| #define HAVE_SYS_SOCKET_H 1
| #define HAVE_SYS_TIME_H 1
| #define HAVE_SYS_WAIT_H 1
| #define HAVE_SYS_SELECT_H 1
| #define HAVE_NETINET_IN_H 1
| #define HAVE_NET_IF_H 1
| #define HAVE_ARPA_INET_H 1
| #define HAVE_INTTYPES_H 1
| #define HAVE_STRING_H 1
| #define HAVE_POLL_H 1
| #define HAVE_UINT 1
| #define HAVE_UINT8_T 1
| #define HAVE_UINT16_T 1
| #define HAVE_UINT32_T 1
| #define HAVE_STDLIB_H 1
| #define HAVE_MALLOC 1
| #define RETSIGTYPE void
| #define HAVE_ALLOCA_H 1
| #define HAVE_ALLOCA 1
| #define HAVE_STDLIB_H 1
| #define HAVE_REALLOC 1
| #define HAVE_MEMSET 1
| #define HAVE_GETPWUID 1
| #define HAVE_SHUTDOWN 1
| #define HAVE_INET_NTOP 1
| #define HAVE_INET_PTON 1
| #define HAVE_STRSEP 1
| #define HAVE_STRNDUP 1
| /* end confdefs.h.  */
| /* Define strdup, to an innocuous variant, in case <limits.h> declares strdup,.
|    For example, HP-UX 11i <limits.h> declares gettimeofday.  */
| #define strdup, innocuous_strdup,
| 
| /* System header to define __stub macros and hopefully few prototypes,
|     which can conflict with char strdup, (); below.
|     Prefer <limits.h> to <assert.h> if __STDC__ is defined, since
|     <limits.h> exists even on freestanding compilers.  */
| 
| #ifdef __STDC__
| # include <limits.h>
| #else
| # include <assert.h>
| #endif
| 
| #undef strdup,
| 
| /* Override any GCC internal prototype to avoid an error.
|    Use char because int might match the return type of a GCC
|    builtin and then its argument prototype would still apply.  */
| #ifdef __cplusplus
| extern "C"
| #endif
| char strdup, ();
| /* The GNU C library defines this for functions which it implements
|     to always fail with ENOSYS.  Some functions are actually named
|     something starting with __ and the normal name is an alias.  */
| #if defined __stub_strdup, || defined __stub___strdup,
| choke me
| #endif
| 
| int
| main ()
| {
| return strdup, ();
|   ;
|   return 0;
| }
configure:15837: result: no
configure:15757: checking for strncmp
configure:15813: gcc -o conftest -g -O2   conftest.c  >&5
conftest.c:135: warning: conflicting types for built-in function 'strncmp'
configure:15819: $? = 0
configure:15837: result: yes
configure:15852: checking for select
configure:15908: gcc -o conftest -g -O2   conftest.c  >&5
configure:15914: $? = 0
configure:15932: result: yes
configure:15852: checking for poll
configure:15908: gcc -o conftest -g -O2   conftest.c  >&5
configure:15914: $? = 0
configure:15932: result: yes
configure:15947: checking for getaddrinfo
configure:16003: gcc -o conftest -g -O2   conftest.c  >&5
configure:16009: $? = 0
configure:16027: result: yes
configure:15947: checking for getnameinfo
configure:16003: gcc -o conftest -g -O2   conftest.c  >&5
configure:16009: $? = 0
configure:16027: result: yes
configure:16038: checking for socket in -lsocket
configure:16073: gcc -o conftest -g -O2   conftest.c -lsocket   >&5
/usr/bin/ld: cannot find -lsocket
collect2: ld returned 1 exit status
configure:16079: $? = 1
configure: failed program was:
| /* confdefs.h.  */
| #define PACKAGE_NAME "mydns"
| #define PACKAGE_TARNAME "mydns"
| #define PACKAGE_VERSION "1.2.8.27"
| #define PACKAGE_STRING "mydns 1.2.8.27"
| #define PACKAGE_BUGREPORT "support@cohtech.com"
| #define PACKAGE "mydns"
| #define VERSION "1.2.8.27"
| #define STDC_HEADERS 1
| #define HAVE_SYS_TYPES_H 1
| #define HAVE_SYS_STAT_H 1
| #define HAVE_STDLIB_H 1
| #define HAVE_STRING_H 1
| #define HAVE_MEMORY_H 1
| #define HAVE_STRINGS_H 1
| #define HAVE_INTTYPES_H 1
| #define HAVE_STDINT_H 1
| #define HAVE_UNISTD_H 1
| #define HAVE_DLFCN_H 1
| #define HAVE_ALLOCA_H 1
| #define HAVE_ALLOCA 1
| #define HAVE_STDLIB_H 1
| #define HAVE_UNISTD_H 1
| #define HAVE_GETPAGESIZE 1
| #define HAVE_MMAP 1
| #define INTDIV0_RAISES_SIGFPE 1
| #define HAVE_INTTYPES_H_WITH_UINTMAX 1
| #define HAVE_STDINT_H_WITH_UINTMAX 1
| #define HAVE_UNSIGNED_LONG_LONG 1
| #define HAVE_INTTYPES_H 1
| #define HAVE_ARGZ_H 1
| #define HAVE_LIMITS_H 1
| #define HAVE_LOCALE_H 1
| #define HAVE_NL_TYPES_H 1
| #define HAVE_MALLOC_H 1
| #define HAVE_STDDEF_H 1
| #define HAVE_STDLIB_H 1
| #define HAVE_STRING_H 1
| #define HAVE_UNISTD_H 1
| #define HAVE_SYS_PARAM_H 1
| #define HAVE_FEOF_UNLOCKED 1
| #define HAVE_FGETS_UNLOCKED 1
| #define HAVE_GETC_UNLOCKED 1
| #define HAVE_GETCWD 1
| #define HAVE_GETEGID 1
| #define HAVE_GETEUID 1
| #define HAVE_GETGID 1
| #define HAVE_GETUID 1
| #define HAVE_MEMPCPY 1
| #define HAVE_MUNMAP 1
| #define HAVE_PUTENV 1
| #define HAVE_SETENV 1
| #define HAVE_SETLOCALE 1
| #define HAVE_STPCPY 1
| #define HAVE_STRCASECMP 1
| #define HAVE_STRDUP 1
| #define HAVE_STRTOUL 1
| #define HAVE_TSEARCH 1
| #define HAVE___ARGZ_COUNT 1
| #define HAVE___ARGZ_STRINGIFY 1
| #define HAVE___ARGZ_NEXT 1
| #define HAVE_ICONV 1
| #define ICONV_CONST 
| #define HAVE_LANGINFO_CODESET 1
| #define HAVE_LC_MESSAGES 1
| #define ENABLE_NLS 1
| #define HAVE_GETTEXT 1
| #define HAVE_DCGETTEXT 1
| #define STDC_HEADERS 1
| #define HAVE_FCNTL_H 1
| #define HAVE_GETOPT_H 1
| #define HAVE_LIBINTL_H 1
| #define HAVE_NETDB_H 1
| #define HAVE_PWD_H 1
| #define HAVE_SIGNAL_H 1
| #define HAVE_STDARG_H 1
| #define HAVE_TERMIOS_H 1
| #define HAVE_TIME_H 1
| #define HAVE_SYS_FCNTL_H 1
| #define HAVE_SYS_FILE_H 1
| #define HAVE_SYS_IOCTL_H 1
| #define HAVE_SYS_RESOURCE_H 1
| #define HAVE_SYS_SOCKET_H 1
| #define HAVE_SYS_TIME_H 1
| #define HAVE_SYS_WAIT_H 1
| #define HAVE_SYS_SELECT_H 1
| #define HAVE_NETINET_IN_H 1
| #define HAVE_NET_IF_H 1
| #define HAVE_ARPA_INET_H 1
| #define HAVE_INTTYPES_H 1
| #define HAVE_STRING_H 1
| #define HAVE_POLL_H 1
| #define HAVE_UINT 1
| #define HAVE_UINT8_T 1
| #define HAVE_UINT16_T 1
| #define HAVE_UINT32_T 1
| #define HAVE_STDLIB_H 1
| #define HAVE_MALLOC 1
| #define RETSIGTYPE void
| #define HAVE_ALLOCA_H 1
| #define HAVE_ALLOCA 1
| #define HAVE_STDLIB_H 1
| #define HAVE_REALLOC 1
| #define HAVE_MEMSET 1
| #define HAVE_GETPWUID 1
| #define HAVE_SHUTDOWN 1
| #define HAVE_INET_NTOP 1
| #define HAVE_INET_PTON 1
| #define HAVE_STRSEP 1
| #define HAVE_STRNDUP 1
| #define HAVE_STRNCMP 1
| #define HAVE_SELECT 1
| #define HAVE_POLL 1
| #define HAVE_GETADDRINFO 1
| #define HAVE_GETNAMEINFO 1
| /* end confdefs.h.  */
| 
| /* Override any GCC internal prototype to avoid an error.
|    Use char because int might match the return type of a GCC
|    builtin and then its argument prototype would still apply.  */
| #ifdef __cplusplus
| extern "C"
| #endif
| char socket ();
| int
| main ()
| {
| return socket ();
|   ;
|   return 0;
| }
configure:16097: result: no
configure:16110: checking for inet_addr in -lnsl
configure:16145: gcc -o conftest -g -O2   conftest.c -lnsl   >&5
configure:16151: $? = 0
configure:16169: result: yes
configure:16182: checking for floor in -lm
configure:16217: gcc -o conftest -g -O2   conftest.c -lm   >&5
conftest.c:124: warning: conflicting types for built-in function 'floor'
configure:16223: $? = 0
configure:16241: result: yes
configure:16255: checking whether strcasecmp is declared
configure:16284: gcc -c -g -O2  conftest.c >&5
configure:16290: $? = 0
configure:16305: result: yes
configure:16321: checking whether strcoll is declared
configure:16350: gcc -c -g -O2  conftest.c >&5
configure:16356: $? = 0
configure:16371: result: yes
configure:16387: checking whether strerror is declared
configure:16416: gcc -c -g -O2  conftest.c >&5
configure:16422: $? = 0
configure:16437: result: yes
configure:16453: checking whether strncasecmp is declared
configure:16482: gcc -c -g -O2  conftest.c >&5
configure:16488: $? = 0
configure:16503: result: yes
configure:16519: checking whether strsep is declared
configure:16548: gcc -c -g -O2  conftest.c >&5
configure:16554: $? = 0
configure:16569: result: yes
configure:16585: checking whether strndup is declared
configure:16614: gcc -c -g -O2  conftest.c >&5
configure:16620: $? = 0
configure:16635: result: yes
configure:16651: checking whether strdup is declared
configure:16680: gcc -c -g -O2  conftest.c >&5
configure:16686: $? = 0
configure:16701: result: yes
configure:16717: checking whether strncmp is declared
configure:16746: gcc -c -g -O2  conftest.c >&5
configure:16752: $? = 0
configure:16767: result: yes
configure:16785: checking whether poll is declared
configure:16814: gcc -c -g -O2  conftest.c >&5
conftest.c: In function 'main':
conftest.c:162: error: 'poll' undeclared (first use in this function)
conftest.c:162: error: (Each undeclared identifier is reported only once
conftest.c:162: error: for each function it appears in.)
configure:16820: $? = 1
configure: failed program was:
| /* confdefs.h.  */
| #define PACKAGE_NAME "mydns"
| #define PACKAGE_TARNAME "mydns"
| #define PACKAGE_VERSION "1.2.8.27"
| #define PACKAGE_STRING "mydns 1.2.8.27"
| #define PACKAGE_BUGREPORT "support@cohtech.com"
| #define PACKAGE "mydns"
| #define VERSION "1.2.8.27"
| #define STDC_HEADERS 1
| #define HAVE_SYS_TYPES_H 1
| #define HAVE_SYS_STAT_H 1
| #define HAVE_STDLIB_H 1
| #define HAVE_STRING_H 1
| #define HAVE_MEMORY_H 1
| #define HAVE_STRINGS_H 1
| #define HAVE_INTTYPES_H 1
| #define HAVE_STDINT_H 1
| #define HAVE_UNISTD_H 1
| #define HAVE_DLFCN_H 1
| #define HAVE_ALLOCA_H 1
| #define HAVE_ALLOCA 1
| #define HAVE_STDLIB_H 1
| #define HAVE_UNISTD_H 1
| #define HAVE_GETPAGESIZE 1
| #define HAVE_MMAP 1
| #define INTDIV0_RAISES_SIGFPE 1
| #define HAVE_INTTYPES_H_WITH_UINTMAX 1
| #define HAVE_STDINT_H_WITH_UINTMAX 1
| #define HAVE_UNSIGNED_LONG_LONG 1
| #define HAVE_INTTYPES_H 1
| #define HAVE_ARGZ_H 1
| #define HAVE_LIMITS_H 1
| #define HAVE_LOCALE_H 1
| #define HAVE_NL_TYPES_H 1
| #define HAVE_MALLOC_H 1
| #define HAVE_STDDEF_H 1
| #define HAVE_STDLIB_H 1
| #define HAVE_STRING_H 1
| #define HAVE_UNISTD_H 1
| #define HAVE_SYS_PARAM_H 1
| #define HAVE_FEOF_UNLOCKED 1
| #define HAVE_FGETS_UNLOCKED 1
| #define HAVE_GETC_UNLOCKED 1
| #define HAVE_GETCWD 1
| #define HAVE_GETEGID 1
| #define HAVE_GETEUID 1
| #define HAVE_GETGID 1
| #define HAVE_GETUID 1
| #define HAVE_MEMPCPY 1
| #define HAVE_MUNMAP 1
| #define HAVE_PUTENV 1
| #define HAVE_SETENV 1
| #define HAVE_SETLOCALE 1
| #define HAVE_STPCPY 1
| #define HAVE_STRCASECMP 1
| #define HAVE_STRDUP 1
| #define HAVE_STRTOUL 1
| #define HAVE_TSEARCH 1
| #define HAVE___ARGZ_COUNT 1
| #define HAVE___ARGZ_STRINGIFY 1
| #define HAVE___ARGZ_NEXT 1
| #define HAVE_ICONV 1
| #define ICONV_CONST 
| #define HAVE_LANGINFO_CODESET 1
| #define HAVE_LC_MESSAGES 1
| #define ENABLE_NLS 1
| #define HAVE_GETTEXT 1
| #define HAVE_DCGETTEXT 1
| #define STDC_HEADERS 1
| #define HAVE_FCNTL_H 1
| #define HAVE_GETOPT_H 1
| #define HAVE_LIBINTL_H 1
| #define HAVE_NETDB_H 1
| #define HAVE_PWD_H 1
| #define HAVE_SIGNAL_H 1
| #define HAVE_STDARG_H 1
| #define HAVE_TERMIOS_H 1
| #define HAVE_TIME_H 1
| #define HAVE_SYS_FCNTL_H 1
| #define HAVE_SYS_FILE_H 1
| #define HAVE_SYS_IOCTL_H 1
| #define HAVE_SYS_RESOURCE_H 1
| #define HAVE_SYS_SOCKET_H 1
| #define HAVE_SYS_TIME_H 1
| #define HAVE_SYS_WAIT_H 1
| #define HAVE_SYS_SELECT_H 1
| #define HAVE_NETINET_IN_H 1
| #define HAVE_NET_IF_H 1
| #define HAVE_ARPA_INET_H 1
| #define HAVE_INTTYPES_H 1
| #define HAVE_STRING_H 1
| #define HAVE_POLL_H 1
| #define HAVE_UINT 1
| #define HAVE_UINT8_T 1
| #define HAVE_UINT16_T 1
| #define HAVE_UINT32_T 1
| #define HAVE_STDLIB_H 1
| #define HAVE_MALLOC 1
| #define RETSIGTYPE void
| #define HAVE_ALLOCA_H 1
| #define HAVE_ALLOCA 1
| #define HAVE_STDLIB_H 1
| #define HAVE_REALLOC 1
| #define HAVE_MEMSET 1
| #define HAVE_GETPWUID 1
| #define HAVE_SHUTDOWN 1
| #define HAVE_INET_NTOP 1
| #define HAVE_INET_PTON 1
| #define HAVE_STRSEP 1
| #define HAVE_STRNDUP 1
| #define HAVE_STRNCMP 1
| #define HAVE_SELECT 1
| #define HAVE_POLL 1
| #define HAVE_GETADDRINFO 1
| #define HAVE_GETNAMEINFO 1
| #define HAVE_DECL_STRCASECMP 1
| #define HAVE_DECL_STRCOLL 1
| #define HAVE_DECL_STRERROR 1
| #define HAVE_DECL_STRNCASECMP 1
| #define HAVE_DECL_STRSEP 1
| #define HAVE_DECL_STRNDUP 1
| #define HAVE_DECL_STRDUP 1
| #define HAVE_DECL_STRNCMP 1
| /* end confdefs.h.  */
| #include <stdio.h>
| #ifdef HAVE_SYS_TYPES_H
| # include <sys/types.h>
| #endif
| #ifdef HAVE_SYS_STAT_H
| # include <sys/stat.h>
| #endif
| #ifdef STDC_HEADERS
| # include <stdlib.h>
| # include <stddef.h>
| #else
| # ifdef HAVE_STDLIB_H
| #  include <stdlib.h>
| # endif
| #endif
| #ifdef HAVE_STRING_H
| # if !defined STDC_HEADERS && defined HAVE_MEMORY_H
| #  include <memory.h>
| # endif
| # include <string.h>
| #endif
| #ifdef HAVE_STRINGS_H
| # include <strings.h>
| #endif
| #ifdef HAVE_INTTYPES_H
| # include <inttypes.h>
| #endif
| #ifdef HAVE_STDINT_H
| # include <stdint.h>
| #endif
| #ifdef HAVE_UNISTD_H
| # include <unistd.h>
| #endif
| int
| main ()
| {
| #ifndef poll
|   (void) poll;
| #endif
| 
|   ;
|   return 0;
| }
configure:16835: result: no
configure:16851: checking whether select is declared
configure:16880: gcc -c -g -O2  conftest.c >&5
configure:16886: $? = 0
configure:16901: result: yes
configure:16933: checking whether IPv6 is supported
configure:16956: gcc -c -g -O2  conftest.c >&5
conftest.c: In function 'main':
conftest.c:131: warning: incompatible implicit declaration of built-in function 'memset'
configure:16962: $? = 0
configure:16972: result: yes
configure:16986: checking for sa_len in struct sockaddr
configure:17017: gcc -c -g -O2  conftest.c >&5
conftest.c: In function 'main':
conftest.c:140: error: 'struct sockaddr' has no member named 'sa_len'
configure:17023: $? = 1
configure: failed program was:
| /* confdefs.h.  */
| #define PACKAGE_NAME "mydns"
| #define PACKAGE_TARNAME "mydns"
| #define PACKAGE_VERSION "1.2.8.27"
| #define PACKAGE_STRING "mydns 1.2.8.27"
| #define PACKAGE_BUGREPORT "support@cohtech.com"
| #define PACKAGE "mydns"
| #define VERSION "1.2.8.27"
| #define STDC_HEADERS 1
| #define HAVE_SYS_TYPES_H 1
| #define HAVE_SYS_STAT_H 1
| #define HAVE_STDLIB_H 1
| #define HAVE_STRING_H 1
| #define HAVE_MEMORY_H 1
| #define HAVE_STRINGS_H 1
| #define HAVE_INTTYPES_H 1
| #define HAVE_STDINT_H 1
| #define HAVE_UNISTD_H 1
| #define HAVE_DLFCN_H 1
| #define HAVE_ALLOCA_H 1
| #define HAVE_ALLOCA 1
| #define HAVE_STDLIB_H 1
| #define HAVE_UNISTD_H 1
| #define HAVE_GETPAGESIZE 1
| #define HAVE_MMAP 1
| #define INTDIV0_RAISES_SIGFPE 1
| #define HAVE_INTTYPES_H_WITH_UINTMAX 1
| #define HAVE_STDINT_H_WITH_UINTMAX 1
| #define HAVE_UNSIGNED_LONG_LONG 1
| #define HAVE_INTTYPES_H 1
| #define HAVE_ARGZ_H 1
| #define HAVE_LIMITS_H 1
| #define HAVE_LOCALE_H 1
| #define HAVE_NL_TYPES_H 1
| #define HAVE_MALLOC_H 1
| #define HAVE_STDDEF_H 1
| #define HAVE_STDLIB_H 1
| #define HAVE_STRING_H 1
| #define HAVE_UNISTD_H 1
| #define HAVE_SYS_PARAM_H 1
| #define HAVE_FEOF_UNLOCKED 1
| #define HAVE_FGETS_UNLOCKED 1
| #define HAVE_GETC_UNLOCKED 1
| #define HAVE_GETCWD 1
| #define HAVE_GETEGID 1
| #define HAVE_GETEUID 1
| #define HAVE_GETGID 1
| #define HAVE_GETUID 1
| #define HAVE_MEMPCPY 1
| #define HAVE_MUNMAP 1
| #define HAVE_PUTENV 1
| #define HAVE_SETENV 1
| #define HAVE_SETLOCALE 1
| #define HAVE_STPCPY 1
| #define HAVE_STRCASECMP 1
| #define HAVE_STRDUP 1
| #define HAVE_STRTOUL 1
| #define HAVE_TSEARCH 1
| #define HAVE___ARGZ_COUNT 1
| #define HAVE___ARGZ_STRINGIFY 1
| #define HAVE___ARGZ_NEXT 1
| #define HAVE_ICONV 1
| #define ICONV_CONST 
| #define HAVE_LANGINFO_CODESET 1
| #define HAVE_LC_MESSAGES 1
| #define ENABLE_NLS 1
| #define HAVE_GETTEXT 1
| #define HAVE_DCGETTEXT 1
| #define STDC_HEADERS 1
| #define HAVE_FCNTL_H 1
| #define HAVE_GETOPT_H 1
| #define HAVE_LIBINTL_H 1
| #define HAVE_NETDB_H 1
| #define HAVE_PWD_H 1
| #define HAVE_SIGNAL_H 1
| #define HAVE_STDARG_H 1
| #define HAVE_TERMIOS_H 1
| #define HAVE_TIME_H 1
| #define HAVE_SYS_FCNTL_H 1
| #define HAVE_SYS_FILE_H 1
| #define HAVE_SYS_IOCTL_H 1
| #define HAVE_SYS_RESOURCE_H 1
| #define HAVE_SYS_SOCKET_H 1
| #define HAVE_SYS_TIME_H 1
| #define HAVE_SYS_WAIT_H 1
| #define HAVE_SYS_SELECT_H 1
| #define HAVE_NETINET_IN_H 1
| #define HAVE_NET_IF_H 1
| #define HAVE_ARPA_INET_H 1
| #define HAVE_INTTYPES_H 1
| #define HAVE_STRING_H 1
| #define HAVE_POLL_H 1
| #define HAVE_UINT 1
| #define HAVE_UINT8_T 1
| #define HAVE_UINT16_T 1
| #define HAVE_UINT32_T 1
| #define HAVE_STDLIB_H 1
| #define HAVE_MALLOC 1
| #define RETSIGTYPE void
| #define HAVE_ALLOCA_H 1
| #define HAVE_ALLOCA 1
| #define HAVE_STDLIB_H 1
| #define HAVE_REALLOC 1
| #define HAVE_MEMSET 1
| #define HAVE_GETPWUID 1
| #define HAVE_SHUTDOWN 1
| #define HAVE_INET_NTOP 1
| #define HAVE_INET_PTON 1
| #define HAVE_STRSEP 1
| #define HAVE_STRNDUP 1
| #define HAVE_STRNCMP 1
| #define HAVE_SELECT 1
| #define HAVE_POLL 1
| #define HAVE_GETADDRINFO 1
| #define HAVE_GETNAMEINFO 1
| #define HAVE_DECL_STRCASECMP 1
| #define HAVE_DECL_STRCOLL 1
| #define HAVE_DECL_STRERROR 1
| #define HAVE_DECL_STRNCASECMP 1
| #define HAVE_DECL_STRSEP 1
| #define HAVE_DECL_STRNDUP 1
| #define HAVE_DECL_STRDUP 1
| #define HAVE_DECL_STRNCMP 1
| #define HAVE_DECL_POLL 0
| #define HAVE_DECL_SELECT 1
| #define HAVE_IPV6 1
| /* end confdefs.h.  */
| 
| #if HAVE_SYS_TYPES_H
| #	include <sys/types.h>
| #endif
| 
| #if HAVE_SYS_SOCKET_H
| #	include <sys/socket.h>
| #endif
| 
| int
| main ()
| {
| void *p = &((struct sockaddr *)0L)->sa_len;
|   ;
|   return 0;
| }
configure:17039: result: no
configure:17090: checking whether to enable alias patch
configure:17110: result: no
configure:17117: checking whether to support MySQL
configure:17428: result: yes
configure:17442: checking for /usr/local/mysql/lib/libmysqlclient_r.so
configure:17458: result: no
configure:17468: checking for /usr/local/mysql/lib/libmysqlclient.so
configure:17484: result: no
configure:17495: checking for /usr/local/mysql/lib/libmysqlclient.a
configure:17511: result: no
configure:17442: checking for /usr/local/lib/mysql/libmysqlclient_r.so
configure:17458: result: no
configure:17468: checking for /usr/local/lib/mysql/libmysqlclient.so
configure:17484: result: no
configure:17495: checking for /usr/local/lib/mysql/libmysqlclient.a
configure:17511: result: no
configure:17442: checking for /usr/local/lib/libmysqlclient_r.so
configure:17458: result: no
configure:17468: checking for /usr/local/lib/libmysqlclient.so
configure:17484: result: no
configure:17495: checking for /usr/local/lib/libmysqlclient.a
configure:17511: result: no
configure:17442: checking for /usr/lib/mysql/libmysqlclient_r.so
configure:17458: result: no
configure:17468: checking for /usr/lib/mysql/libmysqlclient.so
configure:17484: result: no
configure:17495: checking for /usr/lib/mysql/libmysqlclient.a
configure:17511: result: no
configure:17442: checking for /usr/lib/libmysqlclient_r.so
configure:17458: result: yes
configure:17537: checking for /lib/libz.so
configure:17553: result: no
configure:17537: checking for /usr/lib/libz.so
configure:17553: result: yes
configure:17563: checking for deflate in -lz
configure:17598: gcc -o conftest -g -O2   conftest.c -lz   >&5
configure:17604: $? = 0
configure:17622: result: yes
configure:17694: checking for /usr/include/mysql.h
configure:17710: result: no
configure:17694: checking for /usr/include/mysql/mysql.h
configure:17710: result: yes
configure:17731: checking whether to support PostgreSQL
configure:17883: result: yes
configure:17900: checking for /usr/local/pgsql/lib/libpq.so
configure:17916: result: no
configure:17900: checking for /lib/libpq.so
configure:17916: result: no
configure:17900: checking for /usr/lib/libpq.so
configure:17916: result: no
configure:17900: checking for /usr/local/lib/libpq.so
configure:17916: result: no
configure:17948: checking for /usr/local/pgsql/include/libpq-fe.h
configure:17964: result: no
configure:17948: checking for /usr/include/postgresql/libpq-fe.h
configure:17964: result: no
configure:17948: checking for /usr/include/libpq-fe.h
configure:17964: result: no
configure:17948: checking for /usr/local/include/libpq-fe.h
configure:17964: result: no
configure:18027: checking whether to compile with OpenSSL support
configure:18221: result: no
configure:18230: checking for default config file location
configure:18247: result: /etc/mydns.conf
configure:18252: checking whether to build static binary
configure:18276: result: no
configure:18283: checking for MySQL support
configure:18286: result: yes
configure:18295: checking for PostgreSQL support
configure:18302: result: no
configure:18307: checking which database to use
configure:18352: result: MySQL
configure:18382:

  ###
  ###  If you have problems compiling with MySQL, specifically
  ###  a "libz" linker error, please read README.mysql for
  ###  more information.
  ###

configure:18399: checking whether to enable profiling
configure:18481: result: no
configure:18490: checking whether to enable debugging
configure:18801: result: no
configure:18807: checking whether gcc accepts -finline-functions
configure:18830: gcc -c -finline-functions  conftest.c >&5
configure:18836: $? = 0
configure:18851: result: yes
configure:18871: checking whether gcc accepts -funsigned-char
configure:18894: gcc -c -funsigned-char  conftest.c >&5
configure:18900: $? = 0
configure:18915: result: yes
configure:18926: checking CFLAGS
configure:18928: result: -g -O2 -finline-functions -funsigned-char
configure:18933: checking whether to compile with Valgrind-friendly flags
configure:19064: result: no
configure:19073: checking whether to compile with strict warning flags
configure:19835: result: no
configure:19844: checking whether to enable alternate column names
configure:19864: result: no
configure:19871: checking whether to enable remote server status
configure:19891: result: no
configure:19898: checking whether to disable date/time in verbose output
configure:19924: result: no
configure:20087: creating ./config.status

## ---------------------- ##
## Running config.status. ##
## ---------------------- ##

This file was extended by mydns config.status 1.2.8.27, which was
generated by GNU Autoconf 2.61.  Invocation command line was

  CONFIG_FILES    = 
  CONFIG_HEADERS  = 
  CONFIG_LINKS    = 
  CONFIG_COMMANDS = 
  $ ./config.status 

on cisne

config.status:724: creating contrib/Makefile
config.status:724: creating intl/Makefile
config.status:864: WARNING:  intl/Makefile.in seems to ignore the --datarootdir setting
config.status:724: creating po/Makefile.in
config.status:864: WARNING:  po/Makefile.in.in seems to ignore the --datarootdir setting
config.status:724: creating m4/Makefile
config.status:724: creating Makefile
config.status:724: creating lib/Makefile
config.status:724: creating src/Makefile
config.status:724: creating src/lib/Makefile
config.status:724: creating src/mydns/Makefile
config.status:724: creating src/util/Makefile
config.status:724: creating pkg/Makefile
config.status:724: creating doc/Makefile
config.status:724: creating config.h
config.status:1129: executing depfiles commands
config.status:1129: executing default-1 commands

## ---------------- ##
## Cache variables. ##
## ---------------- ##

ac_cv_build=i686-pc-linux-gnu
ac_cv_c_compiler_gnu=yes
ac_cv_c_const=yes
ac_cv_c_inline=inline
ac_cv_env_CC_set=
ac_cv_env_CC_value=
ac_cv_env_CFLAGS_set=
ac_cv_env_CFLAGS_value=
ac_cv_env_CPPFLAGS_set=
ac_cv_env_CPPFLAGS_value=
ac_cv_env_CPP_set=
ac_cv_env_CPP_value=
ac_cv_env_LDFLAGS_set=
ac_cv_env_LDFLAGS_value=
ac_cv_env_LIBS_set=
ac_cv_env_LIBS_value=
ac_cv_env_build_alias_set=
ac_cv_env_build_alias_value=
ac_cv_env_host_alias_set=
ac_cv_env_host_alias_value=
ac_cv_env_target_alias_set=
ac_cv_env_target_alias_value=
ac_cv_file__lib_libpq_so=no
ac_cv_file__lib_libz_so=no
ac_cv_file__usr_include_libpq_fe_h=no
ac_cv_file__usr_include_mysql_h=no
ac_cv_file__usr_include_mysql_mysql_h=yes
ac_cv_file__usr_include_postgresql_libpq_fe_h=no
ac_cv_file__usr_lib_libmysqlclient_r_so=yes
ac_cv_file__usr_lib_libpq_so=no
ac_cv_file__usr_lib_libz_so=yes
ac_cv_file__usr_lib_mysql_libmysqlclient_a=no
ac_cv_file__usr_lib_mysql_libmysqlclient_r_so=no
ac_cv_file__usr_lib_mysql_libmysqlclient_so=no
ac_cv_file__usr_local_include_libpq_fe_h=no
ac_cv_file__usr_local_lib_libmysqlclient_a=no
ac_cv_file__usr_local_lib_libmysqlclient_r_so=no
ac_cv_file__usr_local_lib_libmysqlclient_so=no
ac_cv_file__usr_local_lib_libpq_so=no
ac_cv_file__usr_local_lib_mysql_libmysqlclient_a=no
ac_cv_file__usr_local_lib_mysql_libmysqlclient_r_so=no
ac_cv_file__usr_local_lib_mysql_libmysqlclient_so=no
ac_cv_file__usr_local_mysql_lib_libmysqlclient_a=no
ac_cv_file__usr_local_mysql_lib_libmysqlclient_r_so=no
ac_cv_file__usr_local_mysql_lib_libmysqlclient_so=no
ac_cv_file__usr_local_pgsql_include_libpq_fe_h=no
ac_cv_file__usr_local_pgsql_lib_libpq_so=no
ac_cv_func___argz_count=yes
ac_cv_func___argz_next=yes
ac_cv_func___argz_stringify=yes
ac_cv_func_alloca_works=yes
ac_cv_func_feof_unlocked=yes
ac_cv_func_fgets_unlocked=yes
ac_cv_func_getaddrinfo=yes
ac_cv_func_getc_unlocked=yes
ac_cv_func_getcwd=yes
ac_cv_func_getegid=yes
ac_cv_func_geteuid=yes
ac_cv_func_getgid=yes
ac_cv_func_getnameinfo=yes
ac_cv_func_getpagesize=yes
ac_cv_func_getpwuid=yes
ac_cv_func_getuid=yes
ac_cv_func_inet_ntop=yes
ac_cv_func_inet_pton=yes
ac_cv_func_malloc_0_nonnull=yes
ac_cv_func_mempcpy=yes
ac_cv_func_memset=yes
ac_cv_func_mmap_fixed_mapped=yes
ac_cv_func_munmap=yes
ac_cv_func_poll=yes
ac_cv_func_putenv=yes
ac_cv_func_realloc_0_nonnull=yes
ac_cv_func_select=yes
ac_cv_func_setenv=yes
ac_cv_func_setlocale=yes
ac_cv_func_shutdown=yes
ac_cv_func_stpcpy=yes
ac_cv_func_strcasecmp=yes
ac_cv_func_strdup=yes
ac_cv_func_strdup_=no
ac_cv_func_strncmp=yes
ac_cv_func_strndup=yes
ac_cv_func_strsep=yes
ac_cv_func_strtoul=yes
ac_cv_func_tsearch=yes
ac_cv_gnu_library_2_1=yes
ac_cv_have_decl_poll=no
ac_cv_have_decl_select=yes
ac_cv_have_decl_strcasecmp=yes
ac_cv_have_decl_strcoll=yes
ac_cv_have_decl_strdup=yes
ac_cv_have_decl_strerror=yes
ac_cv_have_decl_strncasecmp=yes
ac_cv_have_decl_strncmp=yes
ac_cv_have_decl_strndup=yes
ac_cv_have_decl_strsep=yes
ac_cv_header_argz_h=yes
ac_cv_header_arpa_inet_h=yes
ac_cv_header_dlfcn_h=yes
ac_cv_header_fcntl_h=yes
ac_cv_header_getopt_h=yes
ac_cv_header_inttypes_h=yes
ac_cv_header_libintl_h=yes
ac_cv_header_limits_h=yes
ac_cv_header_locale_h=yes
ac_cv_header_malloc_h=yes
ac_cv_header_memory_h=yes
ac_cv_header_net_if_h=yes
ac_cv_header_netdb_h=yes
ac_cv_header_netinet_in_h=yes
ac_cv_header_nl_types_h=yes
ac_cv_header_poll_h=yes
ac_cv_header_pwd_h=yes
ac_cv_header_signal_h=yes
ac_cv_header_stdarg_h=yes
ac_cv_header_stdc=yes
ac_cv_header_stddef_h=yes
ac_cv_header_stdint_h=yes
ac_cv_header_stdlib_h=yes
ac_cv_header_string_h=yes
ac_cv_header_strings_h=yes
ac_cv_header_sys_fcntl_h=yes
ac_cv_header_sys_file_h=yes
ac_cv_header_sys_ioctl_h=yes
ac_cv_header_sys_param_h=yes
ac_cv_header_sys_resource_h=yes
ac_cv_header_sys_select_h=yes
ac_cv_header_sys_socket_h=yes
ac_cv_header_sys_sockio_h=no
ac_cv_header_sys_stat_h=yes
ac_cv_header_sys_time_h=yes
ac_cv_header_sys_types_h=yes
ac_cv_header_sys_wait_h=yes
ac_cv_header_termios_h=yes
ac_cv_header_time_h=yes
ac_cv_header_unistd_h=yes
ac_cv_host=i686-pc-linux-gnu
ac_cv_lib_cposix_strerror=no
ac_cv_lib_m_floor=yes
ac_cv_lib_nsl_inet_addr=yes
ac_cv_lib_socket_socket=no
ac_cv_lib_z_deflate=yes
ac_cv_objext=o
ac_cv_path_EGREP='/bin/grep -E'
ac_cv_path_GMSGFMT=:
ac_cv_path_GREP=/bin/grep
ac_cv_path_MSGFMT=:
ac_cv_path_MSGMERGE=:
ac_cv_path_XGETTEXT=:
ac_cv_path_install='/usr/bin/install -c'
ac_cv_path_mkdir=/bin/mkdir
ac_cv_prog_AWK=mawk
ac_cv_prog_CPP='gcc -E'
ac_cv_prog_ac_ct_CC=gcc
ac_cv_prog_ac_ct_RANLIB=ranlib
ac_cv_prog_ac_ct_STRIP=strip
ac_cv_prog_cc_c89=
ac_cv_prog_cc_g=yes
ac_cv_prog_cc_optok=yes
ac_cv_prog_make_make_set=yes
ac_cv_type_off_t=yes
ac_cv_type_signal=void
ac_cv_type_size_t=yes
ac_cv_type_uchar=no
ac_cv_type_uint16_t=yes
ac_cv_type_uint32_t=yes
ac_cv_type_uint8_t=yes
ac_cv_type_uint=yes
ac_cv_type_unsigned_long_long=yes
ac_cv_working_alloca_h=yes
acl_cv_hardcode_direct=no
acl_cv_hardcode_libdir_flag_spec='${wl}-rpath ${wl}$libdir'
acl_cv_hardcode_libdir_separator=
acl_cv_hardcode_minus_L=no
acl_cv_libext=a
acl_cv_path_LD=/usr/bin/ld
acl_cv_prog_gnu_ld=yes
acl_cv_rpath=done
acl_cv_shlibext=so
acl_cv_sys_lib_dlsearch_path_spec='/lib /usr/lib'
acl_cv_sys_lib_search_path_spec='/lib /usr/lib /usr/local/lib'
acl_cv_wl=-Wl,
am_cv_CC_dependencies_compiler_type=gcc3
am_cv_func_iconv=yes
am_cv_langinfo_codeset=yes
am_cv_lib_iconv=no
am_cv_proto_iconv='extern size_t iconv (iconv_t cd, char * *inbuf, size_t *inbytesleft, char * *outbuf, size_t *outbytesleft);'
am_cv_proto_iconv_arg1=
am_cv_val_LC_MESSAGES=yes
gt_cv_func_gnugettext1_libc=yes
gt_cv_header_inttypes_h=yes
gt_cv_int_divbyzero_sigfpe=yes
gt_cv_inttypes_pri_broken=no
jm_ac_cv_header_inttypes_h=yes
jm_ac_cv_header_stdint_h=yes
lt_cv_archive_cmds_need_lc=no
lt_cv_compiler_c_o=yes
lt_cv_compiler_o_lo=yes
lt_cv_deplibs_check_method=pass_all
lt_cv_file_magic_cmd='$MAGIC_CMD'
lt_cv_file_magic_test_file='/lib/libc.so.5 /lib/libc.so.5.4.46 /lib/libc.so.6 /lib/libc-2.10.2.so'
lt_cv_global_symbol_to_c_name_address='sed -n -e '\''s/^: \([^ ]*\) $/  {\"\1\", (lt_ptr) 0},/p'\'' -e '\''s/^[BCDEGRST] \([^ ]*\) \([^ ]*\)$/  {"\2", (lt_ptr) \&\2},/p'\'''
lt_cv_global_symbol_to_cdecl='sed -n -e '\''s/^. .* \(.*\)$/extern char \1;/p'\'''
lt_cv_ld_reload_flag=-r
lt_cv_path_LD=/usr/bin/ld
lt_cv_path_NM='/usr/bin/nm -B'
lt_cv_prog_cc_can_build_shared=yes
lt_cv_prog_cc_no_builtin=
lt_cv_prog_cc_pic=' -fPIC'
lt_cv_prog_cc_pic_works=yes
lt_cv_prog_cc_shlib=
lt_cv_prog_cc_static=-static
lt_cv_prog_cc_static_works=yes
lt_cv_prog_cc_wl=-Wl,
lt_cv_prog_gnu_ld=yes
lt_cv_sys_global_symbol_pipe='sed -n -e '\''s/^.*[ 	]\([ABCDGISTW][ABCDGISTW]*\)[ 	][ 	]*\(\)\([_A-Za-z][_A-Za-z0-9]*\)$/\1 \2\3 \3/p'\'''
nls_cv_force_use_gnu_gettext=no
nls_cv_header_intl=
nls_cv_header_libgt=
nls_cv_use_gnu_gettext=no

## ----------------- ##
## Output variables. ##
## ----------------- ##

ACLOCAL='${SHELL} /usr/local/src/mydns-ng/mydns-ng/mydns/tags/1.2.8/missing --run aclocal-1.10'
ALLOCA=''
AMDEPBACKSLASH='\'
AMDEP_FALSE='#'
AMDEP_TRUE=''
AMTAR='${SHELL} /usr/local/src/mydns-ng/mydns-ng/mydns/tags/1.2.8/missing --run tar'
AUTOCONF='${SHELL} /usr/local/src/mydns-ng/mydns-ng/mydns/tags/1.2.8/missing --run autoconf'
AUTOHEADER='${SHELL} /usr/local/src/mydns-ng/mydns-ng/mydns/tags/1.2.8/missing --run autoheader'
AUTOMAKE='${SHELL} /usr/local/src/mydns-ng/mydns-ng/mydns/tags/1.2.8/missing --run automake-1.10'
AWK='mawk'
BUILD_INCLUDED_LIBINTL='no'
CATOBJEXT='.gmo'
CC='gcc'
CCDEPMODE='depmode=gcc3'
CFLAGS='-g -O2 -finline-functions -funsigned-char'
COPYRIGHT_HOLDER='Copyright (C) 2002-2005 Don Moore  2007-2008 Howard Wilkinson'
CPP='gcc -E'
CPPFLAGS=''
CYGPATH_W='echo'
DATADIRNAME='share'
DEFS='-DHAVE_CONFIG_H'
DEPDIR='.deps'
DOCDIR='$(top_srcdir)/doc'
ECHO='echo'
ECHO_C=''
ECHO_N='-n'
ECHO_T=''
EGREP='/bin/grep -E'
EXEEXT=''
GENCAT='gencat'
GLIBC21='yes'
GMSGFMT=':'
GREP='/bin/grep'
INSTALL_DATA='${INSTALL} -m 644'
INSTALL_PROGRAM='${INSTALL}'
INSTALL_SCRIPT='${INSTALL}'
INSTALL_STRIP_PROGRAM='$(install_sh) -c -s'
INSTOBJEXT='.mo'
INTLBISON=':'
INTLINCLUDE='-I$(top_srcdir)/intl'
INTLLIBS=''
INTLOBJS=''
INTL_LIBTOOL_SUFFIX_PREFIX=''
LDFLAGS=''
LIBICONV=''
LIBINTL=''
LIBM='-lm'
LIBMYDNS='$(top_srcdir)/src/lib/libmydns.a'
LIBMYSQLCLIENT='-L/usr/lib -lmysqlclient'
LIBNSL='-lnsl'
LIBOBJS=''
LIBPQ=''
LIBS=''
LIBSOCKET=''
LIBSQL='-L/usr/lib -lmysqlclient -L/usr/lib -lz'
LIBSSL=''
LIBTOOL='$(SHELL) $(top_builddir)/libtool'
LIBUTIL='$(top_srcdir)/lib/libmydnsutil.a'
LIBZ='-L/usr/lib -lz'
LN_S='ln -s'
LTLIBICONV=''
LTLIBINTL=''
LTLIBOBJS=''
MAKEINFO='${SHELL} /usr/local/src/mydns-ng/mydns-ng/mydns/tags/1.2.8/missing --run makeinfo'
MKINSTALLDIRS='./mkinstalldirs'
MSGFMT=':'
MSGMERGE=':'
MYDNSDIR='$(top_srcdir)/src/lib'
MYDNSINCLUDE='-I$(top_srcdir)/src/lib'
MYDNS_CONF='/etc/mydns.conf'
MYSQL_INCLUDE='-I/usr/include/mysql'
OBJEXT='o'
PACKAGE='mydns'
PACKAGE_AUTHOR='Don Moore <bboy@bboy.net>  Howard Wilkinson <howard@cohtech.com>'
PACKAGE_BUGREPORT='support@cohtech.com'
PACKAGE_COPYRIGHT='Copyright (C) 2002-2005 Don Moore  2007-2008 Howard Wilkinson'
PACKAGE_DATE='Dec 2009'
PACKAGE_HOMEPAGE='http://mydns.bboy.net'
PACKAGE_NAME='mydns'
PACKAGE_RELEASE_DATE='December 01, 2009'
PACKAGE_STRING='mydns 1.2.8.27'
PACKAGE_TARNAME='mydns'
PACKAGE_VERSION='1.2.8.27'
PATH_SEPARATOR=':'
POSUB='po'
PQ_INCLUDE=''
PROFILE_ENABLED=''
RANLIB='ranlib'
SEDFILE='$(top_srcdir)/version.sed'
SET_MAKE=''
SHELL='/bin/bash'
SQLINCLUDE='-I/usr/include/mysql'
SSLINCLUDE=''
STRIP='strip'
USE_DB_NAME='MySQL'
USE_INCLUDED_LIBINTL='no'
USE_NLS='yes'
UTILDIR='$(top_srcdir)/lib'
UTILINCLUDE='-I$(top_srcdir)/lib'
VERSION='1.2.8.27'
WEBROOT='/www/htdocs/mydns'
XGETTEXT=':'
ac_ct_CC='gcc'
ac_mydns_static_build=''
am__fastdepCC_FALSE='#'
am__fastdepCC_TRUE=''
am__include='include'
am__isrc=''
am__leading_dot='.'
am__quote=''
am__tar='${AMTAR} chof - "$$tardir"'
am__untar='${AMTAR} xf -'
bindir='${exec_prefix}/bin'
build='i686-pc-linux-gnu'
build_alias=''
build_cpu='i686'
build_os='linux-gnu'
build_vendor='pc'
datadir='${datarootdir}'
datarootdir='${prefix}/share'
docdir='${datarootdir}/doc/${PACKAGE_TARNAME}'
dvidir='${docdir}'
exec_prefix='${prefix}'
host='i686-pc-linux-gnu'
host_alias=''
host_cpu='i686'
host_os='linux-gnu'
host_vendor='pc'
htmldir='${docdir}'
includedir='${prefix}/include'
infodir='${datarootdir}/info'
install_sh='$(SHELL) /usr/local/src/mydns-ng/mydns-ng/mydns/tags/1.2.8/install-sh'
libdir='${exec_prefix}/lib'
libexecdir='${exec_prefix}/libexec'
localedir='${datarootdir}/locale'
localstatedir='${prefix}/var'
mandir='${datarootdir}/man'
mkdir_p='/bin/mkdir -p'
oldincludedir='/usr/include'
pdfdir='${docdir}'
prefix='/usr/local'
program_transform_name='s,x,x,'
psdir='${docdir}'
sbindir='${exec_prefix}/sbin'
sharedstatedir='${prefix}/com'
sysconfdir='${prefix}/etc'
target_alias=''

## ----------- ##
## confdefs.h. ##
## ----------- ##

#define PACKAGE_NAME "mydns"
#define PACKAGE_TARNAME "mydns"
#define PACKAGE_VERSION "1.2.8.27"
#define PACKAGE_STRING "mydns 1.2.8.27"
#define PACKAGE_BUGREPORT "support@cohtech.com"
#define PACKAGE "mydns"
#define VERSION "1.2.8.27"
#define STDC_HEADERS 1
#define HAVE_SYS_TYPES_H 1
#define HAVE_SYS_STAT_H 1
#define HAVE_STDLIB_H 1
#define HAVE_STRING_H 1
#define HAVE_MEMORY_H 1
#define HAVE_STRINGS_H 1
#define HAVE_INTTYPES_H 1
#define HAVE_STDINT_H 1
#define HAVE_UNISTD_H 1
#define HAVE_DLFCN_H 1
#define HAVE_ALLOCA_H 1
#define HAVE_ALLOCA 1
#define HAVE_STDLIB_H 1
#define HAVE_UNISTD_H 1
#define HAVE_GETPAGESIZE 1
#define HAVE_MMAP 1
#define INTDIV0_RAISES_SIGFPE 1
#define HAVE_INTTYPES_H_WITH_UINTMAX 1
#define HAVE_STDINT_H_WITH_UINTMAX 1
#define HAVE_UNSIGNED_LONG_LONG 1
#define HAVE_INTTYPES_H 1
#define HAVE_ARGZ_H 1
#define HAVE_LIMITS_H 1
#define HAVE_LOCALE_H 1
#define HAVE_NL_TYPES_H 1
#define HAVE_MALLOC_H 1
#define HAVE_STDDEF_H 1
#define HAVE_STDLIB_H 1
#define HAVE_STRING_H 1
#define HAVE_UNISTD_H 1
#define HAVE_SYS_PARAM_H 1
#define HAVE_FEOF_UNLOCKED 1
#define HAVE_FGETS_UNLOCKED 1
#define HAVE_GETC_UNLOCKED 1
#define HAVE_GETCWD 1
#define HAVE_GETEGID 1
#define HAVE_GETEUID 1
#define HAVE_GETGID 1
#define HAVE_GETUID 1
#define HAVE_MEMPCPY 1
#define HAVE_MUNMAP 1
#define HAVE_PUTENV 1
#define HAVE_SETENV 1
#define HAVE_SETLOCALE 1
#define HAVE_STPCPY 1
#define HAVE_STRCASECMP 1
#define HAVE_STRDUP 1
#define HAVE_STRTOUL 1
#define HAVE_TSEARCH 1
#define HAVE___ARGZ_COUNT 1
#define HAVE___ARGZ_STRINGIFY 1
#define HAVE___ARGZ_NEXT 1
#define HAVE_ICONV 1
#define ICONV_CONST 
#define HAVE_LANGINFO_CODESET 1
#define HAVE_LC_MESSAGES 1
#define ENABLE_NLS 1
#define HAVE_GETTEXT 1
#define HAVE_DCGETTEXT 1
#define STDC_HEADERS 1
#define HAVE_FCNTL_H 1
#define HAVE_GETOPT_H 1
#define HAVE_LIBINTL_H 1
#define HAVE_NETDB_H 1
#define HAVE_PWD_H 1
#define HAVE_SIGNAL_H 1
#define HAVE_STDARG_H 1
#define HAVE_TERMIOS_H 1
#define HAVE_TIME_H 1
#define HAVE_SYS_FCNTL_H 1
#define HAVE_SYS_FILE_H 1
#define HAVE_SYS_IOCTL_H 1
#define HAVE_SYS_RESOURCE_H 1
#define HAVE_SYS_SOCKET_H 1
#define HAVE_SYS_TIME_H 1
#define HAVE_SYS_WAIT_H 1
#define HAVE_SYS_SELECT_H 1
#define HAVE_NETINET_IN_H 1
#define HAVE_NET_IF_H 1
#define HAVE_ARPA_INET_H 1
#define HAVE_INTTYPES_H 1
#define HAVE_STRING_H 1
#define HAVE_POLL_H 1
#define HAVE_UINT 1
#define HAVE_UINT8_T 1
#define HAVE_UINT16_T 1
#define HAVE_UINT32_T 1
#define HAVE_STDLIB_H 1
#define HAVE_MALLOC 1
#define RETSIGTYPE void
#define HAVE_ALLOCA_H 1
#define HAVE_ALLOCA 1
#define HAVE_STDLIB_H 1
#define HAVE_REALLOC 1
#define HAVE_MEMSET 1
#define HAVE_GETPWUID 1
#define HAVE_SHUTDOWN 1
#define HAVE_INET_NTOP 1
#define HAVE_INET_PTON 1
#define HAVE_STRSEP 1
#define HAVE_STRNDUP 1
#define HAVE_STRNCMP 1
#define HAVE_SELECT 1
#define HAVE_POLL 1
#define HAVE_GETADDRINFO 1
#define HAVE_GETNAMEINFO 1
#define HAVE_DECL_STRCASECMP 1
#define HAVE_DECL_STRCOLL 1
#define HAVE_DECL_STRERROR 1
#define HAVE_DECL_STRNCASECMP 1
#define HAVE_DECL_STRSEP 1
#define HAVE_DECL_STRNDUP 1
#define HAVE_DECL_STRDUP 1
#define HAVE_DECL_STRNCMP 1
#define HAVE_DECL_POLL 0
#define HAVE_DECL_SELECT 1
#define HAVE_IPV6 1
#define PACKAGE_DATE "Dec 2009"
#define PACKAGE_RELEASE_DATE "December 01, 2009"
#define PACKAGE_HOMEPAGE "http://mydns.bboy.net"
#define PACKAGE_COPYRIGHT "Copyright (C) 2002-2005 Don Moore  2007-2008 Howard Wilkinson"
#define PACKAGE_AUTHOR "Don Moore <bboy@bboy.net>  Howard Wilkinson <howard@cohtech.com>"
#define MYDNS_CONF "/etc/mydns.conf"
#define USE_MYSQL 1
#define DISABLE_DATE_LOGGING 0

configure: exit 0
